#
# There is insufficient memory for the Java Runtime Environment to continue.
# Native memory allocation (mmap) failed to map 257949696 bytes for G1 virtual space
# Possible reasons:
#   The system is out of physical RAM or swap space
#   The process is running with CompressedOops enabled, and the Java Heap may be blocking the growth of the native heap
# Possible solutions:
#   Reduce memory load on the system
#   Increase physical memory or swap space
#   Check if swap backing store is full
#   Decrease Java heap size (-Xmx/-Xms)
#   Decrease number of Java threads
#   Decrease Java thread stack sizes (-Xss)
#   Set larger code cache with -XX:ReservedCodeCacheSize=
#   JVM is running with Zero Based Compressed Oops mode in which the Java heap is
#     placed in the first 32GB address space. The Java Heap base address is the
#     maximum limit for the native heap growth. Please use -XX:HeapBaseMinAddress
#     to set the Java Heap base and to place the Java Heap above 32GB virtual address.
# This output file may be truncated or incomplete.
#
#  Out of Memory Error (os_windows.cpp:3548), pid=8596, tid=16916
#
# JRE version:  (17.0.10+11) (build )
# Java VM: Java HotSpot(TM) 64-Bit Server VM (17.0.10+11-LTS-240, mixed mode, sharing, tiered, compressed oops, compressed class ptrs, g1 gc, windows-amd64)
# No core dump will be written. Minidumps are not enabled by default on client versions of Windows
#

---------------  S U M M A R Y ------------

Command Line: org.jetbrains.kotlin.cli.jvm.K2JVMCompiler @C:\xampp\htdocs\best\frontend\node_modules\@react-native\gradle-plugin\shared\build\20251011_164499750869621983.compiler.options

Host: AMD Ryzen 5 7520U with Radeon Graphics         , 8 cores, 15G,  Windows 11 , 64 bit Build 26100 (10.0.26100.6725)
Time: Sat Oct 11 14:32:21 2025 India Standard Time elapsed time: 2.055555 seconds (0d 0h 0m 2s)

---------------  T H R E A D  ---------------

Current thread (0x00000208cc5065f0):  JavaThread "Unknown thread" [_thread_in_vm, id=16916, stack(0x0000001c7e500000,0x0000001c7e600000)]

Stack: [0x0000001c7e500000,0x0000001c7e600000]
Native frames: (J=compiled Java code, j=interpreted, Vv=VM code, C=native code)
V  [jvm.dll+0x677a5a]
V  [jvm.dll+0x7d8b2d]
V  [jvm.dll+0x7da48e]
V  [jvm.dll+0x7daaf3]
V  [jvm.dll+0x2455ff]
V  [jvm.dll+0x6749b9]
V  [jvm.dll+0x669382]
V  [jvm.dll+0x302e96]
V  [jvm.dll+0x30a416]
V  [jvm.dll+0x359cbe]
V  [jvm.dll+0x359eef]
V  [jvm.dll+0x2d9e88]
V  [jvm.dll+0x2dadf4]
V  [jvm.dll+0x7aa551]
V  [jvm.dll+0x367911]
V  [jvm.dll+0x789639]
V  [jvm.dll+0x3eb30f]
V  [jvm.dll+0x3ecd91]
C  [jli.dll+0x5297]
C  [ucrtbase.dll+0x37b0]
C  [KERNEL32.DLL+0x2e8d7]
C  [ntdll.dll+0x8c53c]


---------------  P R O C E S S  ---------------

Threads class SMR info:
_java_thread_list=0x00007ffd6d0c6a18, length=0, elements={
}

Java Threads: ( => current thread )

Other Threads:
  0x00000208cc5718e0 GCTaskThread "GC Thread#0" [stack: 0x0000001c7e600000,0x0000001c7e700000] [id=3920]
  0x00000208cc583b80 ConcurrentGCThread "G1 Main Marker" [stack: 0x0000001c7e700000,0x0000001c7e800000] [id=8036]
  0x00000208cc586170 ConcurrentGCThread "G1 Conc#0" [stack: 0x0000001c7e800000,0x0000001c7e900000] [id=22752]

[error occurred during error reporting (printing all threads), id 0xc0000005, EXCEPTION_ACCESS_VIOLATION (0xc0000005) at pc=0x00007ffd6c8faae7]

VM state: not at safepoint (not fully initialized)

VM Mutex/Monitor currently owned by a thread:  ([mutex/lock_event])
[0x00000208cc503a80] Heap_lock - owner thread: 0x00000208cc5065f0

Heap address: 0x000000070bc00000, size: 3908 MB, Compressed Oops mode: Zero based, Oop shift amount: 3

CDS archive(s) mapped at: [0x0000000000000000-0x0000000000000000-0x0000000000000000), size 0, SharedBaseAddress: 0x0000000800000000, ArchiveRelocationMode: 1.
Narrow klass base: 0x0000000000000000, Narrow klass shift: 0, Narrow klass range: 0x0

GC Precious Log:
<Empty>

Heap:
 garbage-first heap   total 0K, used 0K [0x000000070bc00000, 0x0000000800000000)
  region size 2048K, 0 young (0K), 0 survivors (0K)

[error occurred during error reporting (printing heap information), id 0xc0000005, EXCEPTION_ACCESS_VIOLATION (0xc0000005) at pc=0x00007ffd6cce1249]

GC Heap History (0 events):
No events

Deoptimization events (0 events):
No events

Classes unloaded (0 events):
No events

Classes redefined (0 events):
No events

Internal exceptions (0 events):
No events

VM Operations (0 events):
No events

Events (1 events):
Event: 0.016 Loaded shared library C:\Program Files\Java\jdk-17\bin\java.dll


Dynamic libraries:
0x00007ff65e6f0000 - 0x00007ff65e700000 	C:\Program Files\Java\jdk-17\bin\java.exe
0x00007ffe028c0000 - 0x00007ffe02b28000 	C:\WINDOWS\SYSTEM32\ntdll.dll
0x00007ffe01c80000 - 0x00007ffe01d49000 	C:\WINDOWS\System32\KERNEL32.DLL
0x00007ffdffdf0000 - 0x00007ffe001e2000 	C:\WINDOWS\System32\KERNELBASE.dll
0x00007ffe003e0000 - 0x00007ffe0052b000 	C:\WINDOWS\System32\ucrtbase.dll
0x00007ffdd5860000 - 0x00007ffdd5879000 	C:\Program Files\Java\jdk-17\bin\jli.dll
0x00007ffdd5a10000 - 0x00007ffdd5a2b000 	C:\Program Files\Java\jdk-17\bin\VCRUNTIME140.dll
0x00007ffe00d00000 - 0x00007ffe00db4000 	C:\WINDOWS\System32\ADVAPI32.dll
0x00007ffe01d70000 - 0x00007ffe01e19000 	C:\WINDOWS\System32\msvcrt.dll
0x00007ffe01920000 - 0x00007ffe019c6000 	C:\WINDOWS\System32\sechost.dll
0x00007ffe015b0000 - 0x00007ffe016c8000 	C:\WINDOWS\System32\RPCRT4.dll
0x00007ffe02630000 - 0x00007ffe027f5000 	C:\WINDOWS\System32\USER32.dll
0x00007ffe00530000 - 0x00007ffe00557000 	C:\WINDOWS\System32\win32u.dll
0x00007ffe01c50000 - 0x00007ffe01c7b000 	C:\WINDOWS\System32\GDI32.dll
0x00007ffde0b60000 - 0x00007ffde0df3000 	C:\WINDOWS\WinSxS\amd64_microsoft.windows.common-controls_6595b64144ccf1df_6.0.26100.6725_none_3e085828e334708b\COMCTL32.dll
0x00007ffe00560000 - 0x00007ffe0068d000 	C:\WINDOWS\System32\gdi32full.dll
0x00007ffdffa50000 - 0x00007ffdffaf3000 	C:\WINDOWS\System32\msvcp_win.dll
0x00007ffdf1b60000 - 0x00007ffdf1b6b000 	C:\WINDOWS\SYSTEM32\VERSION.dll
0x00007ffe01c10000 - 0x00007ffe01c3f000 	C:\WINDOWS\System32\IMM32.DLL
0x00007ffdf4fd0000 - 0x00007ffdf4fdc000 	C:\Program Files\Java\jdk-17\bin\vcruntime140_1.dll
0x00007ffd769a0000 - 0x00007ffd76a2e000 	C:\Program Files\Java\jdk-17\bin\msvcp140.dll
0x00007ffd6c610000 - 0x00007ffd6d1ef000 	C:\Program Files\Java\jdk-17\bin\server\jvm.dll
0x00007ffe015a0000 - 0x00007ffe015a8000 	C:\WINDOWS\System32\PSAPI.DLL
0x00007ffdeafa0000 - 0x00007ffdeafaa000 	C:\WINDOWS\SYSTEM32\WSOCK32.dll
0x00007ffe01870000 - 0x00007ffe018e4000 	C:\WINDOWS\System32\WS2_32.dll
0x00007ffdf4b60000 - 0x00007ffdf4b95000 	C:\WINDOWS\SYSTEM32\WINMM.dll
0x00007ffdfe820000 - 0x00007ffdfe83b000 	C:\WINDOWS\SYSTEM32\kernel.appcore.dll
0x00007ffdea250000 - 0x00007ffdea25a000 	C:\Program Files\Java\jdk-17\bin\jimage.dll
0x00007ffdf2920000 - 0x00007ffdf2b62000 	C:\WINDOWS\SYSTEM32\DBGHELP.DLL
0x00007ffe007e0000 - 0x00007ffe00b5b000 	C:\WINDOWS\System32\combase.dll
0x00007ffe016d0000 - 0x00007ffe017a7000 	C:\WINDOWS\System32\OLEAUT32.dll
0x00007ffddeb30000 - 0x00007ffddeb6c000 	C:\WINDOWS\SYSTEM32\dbgcore.DLL
0x00007ffe00340000 - 0x00007ffe003d8000 	C:\WINDOWS\System32\bcryptPrimitives.dll
0x00007ffd76d20000 - 0x00007ffd76d45000 	C:\Program Files\Java\jdk-17\bin\java.dll

dbghelp: loaded successfully - version: 4.0.5 - missing functions: none
symbol engine: initialized successfully - sym options: 0x614 - pdb path: .;C:\Program Files\Java\jdk-17\bin;C:\WINDOWS\SYSTEM32;C:\WINDOWS\WinSxS\amd64_microsoft.windows.common-controls_6595b64144ccf1df_6.0.26100.6725_none_3e085828e334708b;C:\Program Files\Java\jdk-17\bin\server

VM Arguments:
java_command: org.jetbrains.kotlin.cli.jvm.K2JVMCompiler @C:\xampp\htdocs\best\frontend\node_modules\@react-native\gradle-plugin\shared\build\20251011_164499750869621983.compiler.options
java_class_path (initial): C:\Users\user.DESKTOP-9V4975E\.gradle\caches\modules-2\files-2.1\org.jetbrains.kotlin\kotlin-compiler-embeddable\2.1.20\4ef56b3316798316bfac7a0ae443391c9e900ea1\kotlin-compiler-embeddable-2.1.20.jar;C:\Users\user.DESKTOP-9V4975E\.gradle\caches\modules-2\files-2.1\org.jetbrains.kotlin\kotlin-stdlib\2.1.20\aa8ca79cd50578314f6d1180c47cbe14c0fee567\kotlin-stdlib-2.1.20.jar;C:\Users\user.DESKTOP-9V4975E\.gradle\caches\modules-2\files-2.1\org.jetbrains.kotlin\kotlin-script-runtime\2.1.20\f7c623d7f7bdb01f5ccd6b437bc0a937fcd7c57e\kotlin-script-runtime-2.1.20.jar;C:\Users\user.DESKTOP-9V4975E\.gradle\caches\modules-2\files-2.1\org.jetbrains.kotlin\kotlin-reflect\1.6.10\1cbe9c92c12a94eea200d23c2bbaedaf3daf5132\kotlin-reflect-1.6.10.jar;C:\Users\user.DESKTOP-9V4975E\.gradle\caches\modules-2\files-2.1\org.jetbrains.kotlin\kotlin-daemon-embeddable\2.1.20\95670fce77befd02a70a0bc3abe8ee4533521334\kotlin-daemon-embeddable-2.1.20.jar;C:\Users\user.DESKTOP-9V4975E\.gradle\caches\modules-2\files-2.1\org.jetbrains.intellij.deps\trove4j\1.0.20200330\3afb14d5f9ceb459d724e907a21145e8ff394f02\trove4j-1.0.20200330.jar;C:\Users\user.DESKTOP-9V4975E\.gradle\caches\modules-2\files-2.1\org.jetbrains.kotlinx\kotlinx-coroutines-core-jvm\1.8.0\ac1dc37a30a93150b704022f8d895ee1bd3a36b3\kotlinx-coroutines-core-jvm-1.8.0.jar;C:\Users\user.DESKTOP-9V4975E\.gradle\caches\modules-2\files-2.1\org.jetbrains\annotations\13.0\919f0dfe192fb4e063e7dacadee7f8bb9a2672a9\annotations-13.0.jar
Launcher Type: SUN_STANDARD

[Global flags]
     intx CICompilerCount                          = 4                                         {product} {ergonomic}
     uint ConcGCThreads                            = 2                                         {product} {ergonomic}
     uint G1ConcRefinementThreads                  = 8                                         {product} {ergonomic}
   size_t G1HeapRegionSize                         = 2097152                                   {product} {ergonomic}
    uintx GCDrainStackTargetSize                   = 64                                        {product} {ergonomic}
   size_t InitialHeapSize                          = 257949696                                 {product} {ergonomic}
   size_t MarkStackSize                            = 4194304                                   {product} {ergonomic}
   size_t MaxHeapSize                              = 4097835008                                {product} {ergonomic}
   size_t MinHeapDeltaBytes                        = 2097152                                   {product} {ergonomic}
   size_t MinHeapSize                              = 8388608                                   {product} {ergonomic}
    uintx NonNMethodCodeHeapSize                   = 5839372                                {pd product} {ergonomic}
    uintx NonProfiledCodeHeapSize                  = 122909434                              {pd product} {ergonomic}
    uintx ProfiledCodeHeapSize                     = 122909434                              {pd product} {ergonomic}
    uintx ReservedCodeCacheSize                    = 251658240                              {pd product} {ergonomic}
     bool SegmentedCodeCache                       = true                                      {product} {ergonomic}
   size_t SoftMaxHeapSize                          = 4097835008                             {manageable} {ergonomic}
     bool UseCompressedClassPointers               = true                           {product lp64_product} {ergonomic}
     bool UseCompressedOops                        = true                           {product lp64_product} {ergonomic}
     bool UseG1GC                                  = true                                      {product} {ergonomic}
     bool UseLargePagesIndividualAllocation        = false                                  {pd product} {ergonomic}

Logging:
Log output configuration:
 #0: stdout all=warning uptime,level,tags
 #1: stderr all=off uptime,level,tags

Environment Variables:
PATH=C:\xampp\htdocs\best\frontend\node_modules\.bin;C:\xampp\htdocs\best\frontend\node_modules\.bin;C:\xampp\htdocs\best\node_modules\.bin;C:\xampp\htdocs\node_modules\.bin;C:\xampp\node_modules\.bin;C:\node_modules\.bin;C:\Program Files\nodejs\node_modules\npm\node_modules\@npmcli\run-script\lib\node-gyp-bin;C:\Flutter\flutter\bin\cache\dart-sdk\bin\;C:\Program Files\Common Files\Oracle\Java\javapath;C:\Program Files\ImageMagick-7.1.1-Q16-HDRI;C:\WINDOWS\system32;C:\WINDOWS;C:\WINDOWS\System32\Wbem;C:\WINDOWS\System32\WindowsPowerShell\v1.0\;C:\WINDOWS\System32\OpenSSH\;C:\ProgramData\chocolatey\bin;C:\Program Files\Git\cmd;C:\Program Files\Java\jdk-17;C:\Program Files\nodejs\;C:\Users\user.DESKTOP-9V4975E\AppData\Local\Android\Sdk;C:\Users\user.DESKTOP-9V4975E\AppData\Local\Android\Sdk\platform-tools;%ANDROID_HOME%\emulator;%ANDROID_HOME%\tools;%ANDROID_HOME%\tools\bin;%ANDROID_HOME%\platform-tools;C:\Program Files\Go\bin;C:\Program Files\Memurai\;C:\Program Files\MySQL\MySQL Server 8.0\bin;C:\Users\user.DESKTOP-9V4975E\.local\bin;C:\Program Files\cursor\resources\app\bin;C:\Users\user.DESKTOP-9V4975E\AppData\Local\Programs\Python\Python311\;C:\Users\user.DESKTOP-9V4975E\AppData\Local\Programs\Python\Python311\Scripts\;C:\Program Files\Docker\Docker\resources\bin;C:\Program Files\MongoDB\Server\8.2\bin;C:\mongosh-2.5.8-win32-x64\bin;C:\Users\user.DESKTOP-9V4975E\AppData\Local\Android\Sdk\emulator;C:\Users\user.DESKTOP-9V4975E\AppData\Local\Android\Sdk\platform-tools;C:\Users\user.DESKTOP-9V4975E\spring-3.5.6\bin;C:\Users\user.DESKTOP-9V4975E\.local\bin;C:\Users\user.DESKTOP-9V4975E\AppData\Local\Microsoft\WindowsApps;C:\Users\user.DESKTOP-9V4975E\AppData\Local\Programs\Microsoft VS Code\bin;C:\ProgramData\user\GitHubDesktop\bin;C:\Users\user.DESKTOP-9V4975E\AppData\Local\GitHubDesktop\bin;C:\Flutter\flutter\bin;C:\Program Files\Java\jdk-17;C:\Users\user.DESKTOP-9V4975E\AppData\Roaming\npm;C:\Program Files\Java\jdk-17\bin;C:\Users\user.DESKTOP-9V4975E\go\bin;C:\Users
USERNAME=user
LANG=en_US.UTF-8
OS=Windows_NT
PROCESSOR_IDENTIFIER=AMD64 Family 23 Model 160 Stepping 0, AuthenticAMD



---------------  S Y S T E M  ---------------

OS:
 Windows 11 , 64 bit Build 26100 (10.0.26100.6725)
OS uptime: 1 days 5:32 hours
Hyper-V role detected

CPU: total 8 (initial active 8) (8 cores per cpu, 2 threads per core) family 23 model 160 stepping 0 microcode 0x8a0000b, cx8, cmov, fxsr, ht, mmx, 3dnowpref, sse, sse2, sse3, ssse3, sse4a, sse4.1, sse4.2, popcnt, lzcnt, tsc, tscinvbit, avx, avx2, aes, clmul, bmi1, bmi2, adx, sha, fma, vzeroupper, clflush, clflushopt, hv

Memory: 4k page, system-wide physical 15631M (1219M free)
TotalPageFile size 62735M (AvailPageFile size 77M)
current process WorkingSet (physical memory assigned to process): 12M, peak: 12M
current process commit charge ("private bytes"): 60M, peak: 306M

vm_info: Java HotSpot(TM) 64-Bit Server VM (17.0.10+11-LTS-240) for windows-amd64 JRE (17.0.10+11-LTS-240), built on Dec 19 2023 21:47:25 by "mach5one" with MS VC++ 17.1 (VS2022)

END.
