#
# There is insufficient memory for the Java Runtime Environment to continue.
# Native memory allocation (malloc) failed to allocate 1565360 bytes for Chunk::new
# Possible reasons:
#   The system is out of physical RAM or swap space
#   The process is running with CompressedOops enabled, and the Java Heap may be blocking the growth of the native heap
# Possible solutions:
#   Reduce memory load on the system
#   Increase physical memory or swap space
#   Check if swap backing store is full
#   Decrease Java heap size (-Xmx/-Xms)
#   Decrease number of Java threads
#   Decrease Java thread stack sizes (-Xss)
#   Set larger code cache with -XX:ReservedCodeCacheSize=
#   JVM is running with Unscaled Compressed Oops mode in which the Java heap is
#     placed in the first 4GB address space. The Java Heap base address is the
#     maximum limit for the native heap growth. Please use -XX:HeapBaseMinAddress
#     to set the Java Heap base and to place the Java Heap above 4GB virtual address.
# This output file may be truncated or incomplete.
#
#  Out of Memory Error (arena.cpp:189), pid=25232, tid=17108
#
# JRE version: Java(TM) SE Runtime Environment (17.0.10+11) (build 17.0.10+11-LTS-240)
# Java VM: Java HotSpot(TM) 64-Bit Server VM (17.0.10+11-LTS-240, mixed mode, sharing, tiered, compressed oops, compressed class ptrs, g1 gc, windows-amd64)
# No core dump will be written. Minidumps are not enabled by default on client versions of Windows
#

---------------  S U M M A R Y ------------

Command Line: --add-opens=java.base/java.lang=ALL-UNNAMED --add-opens=java.base/java.lang.invoke=ALL-UNNAMED --add-opens=java.base/java.util=ALL-UNNAMED --add-opens=java.prefs/java.util.prefs=ALL-UNNAMED --add-exports=jdk.compiler/com.sun.tools.javac.api=ALL-UNNAMED --add-exports=jdk.compiler/com.sun.tools.javac.util=ALL-UNNAMED --add-opens=java.base/java.util=ALL-UNNAMED --add-opens=java.prefs/java.util.prefs=ALL-UNNAMED --add-opens=java.base/java.nio.charset=ALL-UNNAMED --add-opens=java.base/java.net=ALL-UNNAMED --add-opens=java.base/java.util.concurrent.atomic=ALL-UNNAMED --add-opens=java.xml/javax.xml.namespace=ALL-UNNAMED -XX:MaxMetaspaceSize=512m -Xmx2048m -Dfile.encoding=windows-1252 -Duser.country=IN -Duser.language=en -Duser.variant -javaagent:C:\Users\user.DESKTOP-9V4975E\.gradle\wrapper\dists\gradle-8.14.3-bin\cv11ve7ro1n3o1j4so8xd9n66\gradle-8.14.3\lib\agents\gradle-instrumentation-agent-8.14.3.jar org.gradle.launcher.daemon.bootstrap.GradleDaemon 8.14.3

Host: AMD Ryzen 5 7520U with Radeon Graphics         , 8 cores, 15G,  Windows 11 , 64 bit Build 26100 (10.0.26100.6725)
Time: Sat Oct 11 14:32:58 2025 India Standard Time elapsed time: 74.173321 seconds (0d 0h 1m 14s)

---------------  T H R E A D  ---------------

Current thread (0x000002a12480faf0):  JavaThread "C2 CompilerThread1" daemon [_thread_in_native, id=17108, stack(0x000000ce46d00000,0x000000ce46e00000)]


Current CompileTask:
C2:  74173 11599   !   4       java.io.ObjectOutputStream::writeObject0 (620 bytes)

Stack: [0x000000ce46d00000,0x000000ce46e00000]
Native frames: (J=compiled Java code, j=interpreted, Vv=VM code, C=native code)
V  [jvm.dll+0x677a5a]
V  [jvm.dll+0x7d8b2d]
V  [jvm.dll+0x7da48e]
V  [jvm.dll+0x7daaf3]
V  [jvm.dll+0x2455ff]
V  [jvm.dll+0xaaafb]
V  [jvm.dll+0xab09c]
V  [jvm.dll+0x361bae]
V  [jvm.dll+0x1bb3ca]
V  [jvm.dll+0x217aa7]
V  [jvm.dll+0x216d81]
V  [jvm.dll+0x1a3410]
V  [jvm.dll+0x226aeb]
V  [jvm.dll+0x224cab]
V  [jvm.dll+0x78e45c]
V  [jvm.dll+0x78888a]
V  [jvm.dll+0x676935]
C  [ucrtbase.dll+0x37b0]
C  [KERNEL32.DLL+0x2e8d7]
C  [ntdll.dll+0x8c53c]


---------------  P R O C E S S  ---------------

Threads class SMR info:
_java_thread_list=0x000002a125946260, length=96, elements={
0x000002a1637bb070, 0x000002a17f9f82c0, 0x000002a17f9f9900, 0x000002a17fa0e710,
0x000002a17fa10ff0, 0x000002a17fa14440, 0x000002a17fa17890, 0x000002a17fa1dc30,
0x000002a17fa1e540, 0x000002a17fb66fb0, 0x000002a17fb64c40, 0x000002a17fb679d0,
0x000002a17fb65150, 0x000002a17fb65660, 0x000002a17fb64730, 0x000002a17fb65b70,
0x000002a17fb66aa0, 0x000002a122366a50, 0x000002a122365b20, 0x000002a1223697e0,
0x000002a122368dc0, 0x000002a122367980, 0x000002a1223692d0, 0x000002a122369cf0,
0x000002a122dd8ef0, 0x000002a17fe7f7c0, 0x000002a17fe801e0, 0x000002a17fe806f0,
0x000002a17fe81620, 0x000002a17fe81110, 0x000002a17fe80c00, 0x000002a17fe81b30,
0x000002a17fe7eda0, 0x000002a121047b90, 0x000002a121047680, 0x000002a1210448f0,
0x000002a121045820, 0x000002a121045d30, 0x000002a121046750, 0x000002a121045310,
0x000002a121046240, 0x000002a121046c60, 0x000002a121047170, 0x000002a1210480a0,
0x000002a1210485b0, 0x000002a121044e00, 0x000002a12104b340, 0x000002a121048ac0,
0x000002a12104a920, 0x000002a121048fd0, 0x000002a1210494e0, 0x000002a121049f00,
0x000002a1210499f0, 0x000002a12104a410, 0x000002a12104bd60, 0x000002a122dd4300,
0x000002a122dd4810, 0x000002a122dd4d20, 0x000002a122dd5230, 0x000002a122dd2ec0,
0x000002a122dd38e0, 0x000002a122dd1f90, 0x000002a122dd5740, 0x000002a122dd5c50,
0x000002a122dd6160, 0x000002a122dd6670, 0x000002a122dd33d0, 0x000002a122dd6b80,
0x000002a122dd3df0, 0x000002a122dd7090, 0x000002a122dd7fc0, 0x000002a122dd75a0,
0x000002a122dd7ab0, 0x000002a122dd9910, 0x000002a122dd84d0, 0x000002a122dd89e0,
0x000002a1223683a0, 0x000002a1223688b0, 0x000002a122366030, 0x000002a122366540,
0x000002a12236a710, 0x000002a12236d4a0, 0x000002a12236a200, 0x000002a12236ca80,
0x000002a12236b130, 0x000002a12236ac20, 0x000002a12236bb50, 0x000002a12236c060,
0x000002a12236b640, 0x000002a12236c570, 0x000002a17fe82a60, 0x000002a12480faf0,
0x000002a17fe7f2b0, 0x000002a17fe852e0, 0x000002a17fe857f0, 0x000002a17fe85d00
}

Java Threads: ( => current thread )
  0x000002a1637bb070 JavaThread "main" [_thread_blocked, id=26476, stack(0x000000ce40500000,0x000000ce40600000)]
  0x000002a17f9f82c0 JavaThread "Reference Handler" daemon [_thread_blocked, id=17988, stack(0x000000ce40c00000,0x000000ce40d00000)]
  0x000002a17f9f9900 JavaThread "Finalizer" daemon [_thread_blocked, id=16496, stack(0x000000ce40d00000,0x000000ce40e00000)]
  0x000002a17fa0e710 JavaThread "Signal Dispatcher" daemon [_thread_blocked, id=11232, stack(0x000000ce40e00000,0x000000ce40f00000)]
  0x000002a17fa10ff0 JavaThread "Attach Listener" daemon [_thread_blocked, id=10364, stack(0x000000ce40f00000,0x000000ce41000000)]
  0x000002a17fa14440 JavaThread "Service Thread" daemon [_thread_blocked, id=5556, stack(0x000000ce41000000,0x000000ce41100000)]
  0x000002a17fa17890 JavaThread "Monitor Deflation Thread" daemon [_thread_blocked, id=14720, stack(0x000000ce41100000,0x000000ce41200000)]
  0x000002a17fa1dc30 JavaThread "C2 CompilerThread0" daemon [_thread_blocked, id=14312, stack(0x000000ce41200000,0x000000ce41300000)]
  0x000002a17fa1e540 JavaThread "C1 CompilerThread0" daemon [_thread_blocked, id=4588, stack(0x000000ce41300000,0x000000ce41400000)]
  0x000002a17fb66fb0 JavaThread "Sweeper thread" daemon [_thread_blocked, id=4232, stack(0x000000ce41400000,0x000000ce41500000)]
  0x000002a17fb64c40 JavaThread "Common-Cleaner" daemon [_thread_blocked, id=20932, stack(0x000000ce41500000,0x000000ce41600000)]
  0x000002a17fb679d0 JavaThread "Notification Thread" daemon [_thread_blocked, id=14512, stack(0x000000ce41600000,0x000000ce41700000)]
  0x000002a17fb65150 JavaThread "Daemon health stats" [_thread_blocked, id=8896, stack(0x000000ce41f00000,0x000000ce42000000)]
  0x000002a17fb65660 JavaThread "Incoming local TCP Connector on port 53052" [_thread_in_native, id=24360, stack(0x000000ce42000000,0x000000ce42100000)]
  0x000002a17fb64730 JavaThread "Daemon periodic checks" [_thread_blocked, id=25312, stack(0x000000ce42200000,0x000000ce42300000)]
  0x000002a17fb65b70 JavaThread "Daemon" [_thread_blocked, id=10872, stack(0x000000ce42300000,0x000000ce42400000)]
  0x000002a17fb66aa0 JavaThread "Daemon worker" [_thread_blocked, id=23444, stack(0x000000ce42500000,0x000000ce42600000)]
  0x000002a122366a50 JavaThread "Cache worker for journal cache (C:\Users\user.DESKTOP-9V4975E\.gradle\caches\journal-1)" [_thread_blocked, id=8892, stack(0x000000ce42900000,0x000000ce42a00000)]
  0x000002a122365b20 JavaThread "File lock request listener" [_thread_in_native, id=1996, stack(0x000000ce42a00000,0x000000ce42b00000)]
  0x000002a1223697e0 JavaThread "Cache worker for file hash cache (C:\Users\user.DESKTOP-9V4975E\.gradle\caches\8.14.3\fileHashes)" [_thread_blocked, id=18776, stack(0x000000ce42b00000,0x000000ce42c00000)]
  0x000002a122368dc0 JavaThread "File watcher server" daemon [_thread_in_native, id=17472, stack(0x000000ce43100000,0x000000ce43200000)]
  0x000002a122367980 JavaThread "File watcher consumer" daemon [_thread_blocked, id=15632, stack(0x000000ce43200000,0x000000ce43300000)]
  0x000002a1223692d0 JavaThread "jar transforms" [_thread_blocked, id=1828, stack(0x000000ce43400000,0x000000ce43500000)]
  0x000002a122369cf0 JavaThread "Cache worker for file content cache (C:\Users\user.DESKTOP-9V4975E\.gradle\caches\8.14.3\fileContent)" [_thread_blocked, id=25632, stack(0x000000ce43600000,0x000000ce43700000)]
  0x000002a122dd8ef0 JavaThread "Memory manager" [_thread_blocked, id=26380, stack(0x000000ce43f00000,0x000000ce44000000)]
  0x000002a17fe7f7c0 JavaThread "ForkJoinPool.commonPool-worker-1" daemon [_thread_blocked, id=4012, stack(0x000000ce45700000,0x000000ce45800000)]
  0x000002a17fe801e0 JavaThread "ForkJoinPool.commonPool-worker-2" daemon [_thread_blocked, id=13096, stack(0x000000ce45800000,0x000000ce45900000)]
  0x000002a17fe806f0 JavaThread "ForkJoinPool.commonPool-worker-3" daemon [_thread_blocked, id=19164, stack(0x000000ce45900000,0x000000ce45a00000)]
  0x000002a17fe81620 JavaThread "ForkJoinPool.commonPool-worker-4" daemon [_thread_blocked, id=22388, stack(0x000000ce45a00000,0x000000ce45b00000)]
  0x000002a17fe81110 JavaThread "ForkJoinPool.commonPool-worker-5" daemon [_thread_blocked, id=8440, stack(0x000000ce45b00000,0x000000ce45c00000)]
  0x000002a17fe80c00 JavaThread "ForkJoinPool.commonPool-worker-6" daemon [_thread_blocked, id=10320, stack(0x000000ce45c00000,0x000000ce45d00000)]
  0x000002a17fe81b30 JavaThread "ForkJoinPool.commonPool-worker-7" daemon [_thread_blocked, id=14692, stack(0x000000ce45d00000,0x000000ce45e00000)]
  0x000002a17fe7eda0 JavaThread "included builds" [_thread_blocked, id=16260, stack(0x000000ce45e00000,0x000000ce45f00000)]
  0x000002a121047b90 JavaThread "VFS cleanup" [_thread_blocked, id=4132, stack(0x000000ce42600000,0x000000ce42700000)]
  0x000002a121047680 JavaThread "Handler for socket connection from /127.0.0.1:53052 to /127.0.0.1:64671" [_thread_in_native, id=27416, stack(0x000000ce40200000,0x000000ce40300000)]
  0x000002a1210448f0 JavaThread "Cancel handler" [_thread_blocked, id=872, stack(0x000000ce40300000,0x000000ce40400000)]
  0x000002a121045820 JavaThread "Asynchronous log dispatcher for DefaultDaemonConnection: socket connection from /127.0.0.1:53052 to /127.0.0.1:64671" [_thread_blocked, id=14932, stack(0x000000ce40400000,0x000000ce40500000)]
  0x000002a121045d30 JavaThread "Stdin handler" [_thread_blocked, id=16544, stack(0x000000ce42100000,0x000000ce42200000)]
  0x000002a121046750 JavaThread "Daemon client event forwarder" [_thread_blocked, id=11228, stack(0x000000ce42400000,0x000000ce42500000)]
  0x000002a121045310 JavaThread "Cache worker for file hash cache (C:\xampp\htdocs\best\frontend\android\.gradle\8.14.3\fileHashes)" [_thread_blocked, id=13828, stack(0x000000ce42700000,0x000000ce42800000)]
  0x000002a121046240 JavaThread "Cache worker for Build Output Cleanup Cache (C:\xampp\htdocs\best\frontend\android\.gradle\buildOutputCleanup)" [_thread_blocked, id=26888, stack(0x000000ce42800000,0x000000ce42900000)]
  0x000002a121046c60 JavaThread "Cache worker for checksums cache (C:\xampp\htdocs\best\frontend\android\.gradle\8.14.3\checksums)" [_thread_blocked, id=14044, stack(0x000000ce42d00000,0x000000ce42e00000)]
  0x000002a121047170 JavaThread "Cache worker for cache directory md-supplier (C:\Users\user.DESKTOP-9V4975E\.gradle\caches\8.14.3\md-supplier)" [_thread_blocked, id=18628, stack(0x000000ce42e00000,0x000000ce42f00000)]
  0x000002a1210480a0 JavaThread "Cache worker for cache directory md-rule (C:\Users\user.DESKTOP-9V4975E\.gradle\caches\8.14.3\md-rule)" [_thread_blocked, id=17136, stack(0x000000ce43300000,0x000000ce43400000)]
  0x000002a1210485b0 JavaThread "Cache worker for Build Output Cleanup Cache (C:\xampp\htdocs\best\frontend\node_modules\@react-native\gradle-plugin\.gradle\buildOutputCleanup)" [_thread_blocked, id=11460, stack(0x000000ce43500000,0x000000ce43600000)]
  0x000002a121044e00 JavaThread "Unconstrained build operations" [_thread_blocked, id=18140, stack(0x000000ce43700000,0x000000ce43800000)]
  0x000002a12104b340 JavaThread "Unconstrained build operations Thread 2" [_thread_blocked, id=10628, stack(0x000000ce43800000,0x000000ce43900000)]
  0x000002a121048ac0 JavaThread "Unconstrained build operations Thread 3" [_thread_blocked, id=25984, stack(0x000000ce43900000,0x000000ce43a00000)]
  0x000002a12104a920 JavaThread "Unconstrained build operations Thread 4" [_thread_blocked, id=7620, stack(0x000000ce43a00000,0x000000ce43b00000)]
  0x000002a121048fd0 JavaThread "Unconstrained build operations Thread 5" [_thread_blocked, id=12800, stack(0x000000ce43b00000,0x000000ce43c00000)]
  0x000002a1210494e0 JavaThread "Unconstrained build operations Thread 6" [_thread_blocked, id=8608, stack(0x000000ce43c00000,0x000000ce43d00000)]
  0x000002a121049f00 JavaThread "Unconstrained build operations Thread 7" [_thread_blocked, id=10736, stack(0x000000ce43d00000,0x000000ce43e00000)]
  0x000002a1210499f0 JavaThread "Unconstrained build operations Thread 8" [_thread_blocked, id=23876, stack(0x000000ce43e00000,0x000000ce43f00000)]
  0x000002a12104a410 JavaThread "Unconstrained build operations Thread 9" [_thread_blocked, id=23020, stack(0x000000ce44000000,0x000000ce44100000)]
  0x000002a12104bd60 JavaThread "Unconstrained build operations Thread 10" [_thread_blocked, id=9556, stack(0x000000ce44100000,0x000000ce44200000)]
  0x000002a122dd4300 JavaThread "Unconstrained build operations Thread 11" [_thread_blocked, id=15164, stack(0x000000ce44200000,0x000000ce44300000)]
  0x000002a122dd4810 JavaThread "Unconstrained build operations Thread 12" [_thread_blocked, id=17820, stack(0x000000ce44300000,0x000000ce44400000)]
  0x000002a122dd4d20 JavaThread "Unconstrained build operations Thread 13" [_thread_blocked, id=26032, stack(0x000000ce44400000,0x000000ce44500000)]
  0x000002a122dd5230 JavaThread "Unconstrained build operations Thread 14" [_thread_blocked, id=12316, stack(0x000000ce44500000,0x000000ce44600000)]
  0x000002a122dd2ec0 JavaThread "Unconstrained build operations Thread 15" [_thread_blocked, id=16136, stack(0x000000ce44600000,0x000000ce44700000)]
  0x000002a122dd38e0 JavaThread "Unconstrained build operations Thread 16" [_thread_blocked, id=17452, stack(0x000000ce44700000,0x000000ce44800000)]
  0x000002a122dd1f90 JavaThread "Unconstrained build operations Thread 17" [_thread_blocked, id=22564, stack(0x000000ce44800000,0x000000ce44900000)]
  0x000002a122dd5740 JavaThread "Unconstrained build operations Thread 18" [_thread_blocked, id=18344, stack(0x000000ce44900000,0x000000ce44a00000)]
  0x000002a122dd5c50 JavaThread "build event listener" [_thread_blocked, id=12484, stack(0x000000ce44a00000,0x000000ce44b00000)]
  0x000002a122dd6160 JavaThread "included builds" [_thread_blocked, id=23560, stack(0x000000ce44b00000,0x000000ce44c00000)]
  0x000002a122dd6670 JavaThread "Execution worker" [_thread_blocked, id=18232, stack(0x000000ce44c00000,0x000000ce44d00000)]
  0x000002a122dd33d0 JavaThread "Execution worker Thread 2" [_thread_blocked, id=14792, stack(0x000000ce44d00000,0x000000ce44e00000)]
  0x000002a122dd6b80 JavaThread "Execution worker Thread 3" [_thread_blocked, id=5268, stack(0x000000ce44e00000,0x000000ce44f00000)]
  0x000002a122dd3df0 JavaThread "Execution worker Thread 4" [_thread_blocked, id=16808, stack(0x000000ce44f00000,0x000000ce45000000)]
  0x000002a122dd7090 JavaThread "Execution worker Thread 5" [_thread_blocked, id=8268, stack(0x000000ce45000000,0x000000ce45100000)]
  0x000002a122dd7fc0 JavaThread "Execution worker Thread 6" [_thread_blocked, id=26168, stack(0x000000ce45100000,0x000000ce45200000)]
  0x000002a122dd75a0 JavaThread "Cache worker for execution history cache (C:\xampp\htdocs\best\frontend\node_modules\@react-native\gradle-plugin\.gradle\8.14.3\executionHistory)" [_thread_blocked, id=8564, stack(0x000000ce45200000,0x000000ce45300000)]
  0x000002a122dd7ab0 JavaThread "Execution worker Thread 7" [_thread_blocked, id=17620, stack(0x000000ce45300000,0x000000ce45400000)]
  0x000002a122dd9910 JavaThread "Unconstrained build operations Thread 19" [_thread_blocked, id=19056, stack(0x000000ce45400000,0x000000ce45500000)]
  0x000002a122dd84d0 JavaThread "Unconstrained build operations Thread 20" [_thread_blocked, id=23796, stack(0x000000ce45500000,0x000000ce45600000)]
  0x000002a122dd89e0 JavaThread "Unconstrained build operations Thread 21" [_thread_blocked, id=10328, stack(0x000000ce45600000,0x000000ce45700000)]
  0x000002a1223683a0 JavaThread "Unconstrained build operations Thread 22" [_thread_blocked, id=8236, stack(0x000000ce45f00000,0x000000ce46000000)]
  0x000002a1223688b0 JavaThread "Unconstrained build operations Thread 23" [_thread_blocked, id=10792, stack(0x000000ce46000000,0x000000ce46100000)]
  0x000002a122366030 JavaThread "Unconstrained build operations Thread 24" [_thread_blocked, id=9352, stack(0x000000ce46100000,0x000000ce46200000)]
  0x000002a122366540 JavaThread "Unconstrained build operations Thread 25" [_thread_blocked, id=8592, stack(0x000000ce46200000,0x000000ce46300000)]
  0x000002a12236a710 JavaThread "Unconstrained build operations Thread 26" [_thread_blocked, id=24908, stack(0x000000ce46300000,0x000000ce46400000)]
  0x000002a12236d4a0 JavaThread "Unconstrained build operations Thread 27" [_thread_blocked, id=20324, stack(0x000000ce46400000,0x000000ce46500000)]
  0x000002a12236a200 JavaThread "Unconstrained build operations Thread 28" [_thread_blocked, id=26080, stack(0x000000ce46500000,0x000000ce46600000)]
  0x000002a12236ca80 JavaThread "Unconstrained build operations Thread 29" [_thread_blocked, id=10876, stack(0x000000ce46600000,0x000000ce46700000)]
  0x000002a12236b130 JavaThread "Unconstrained build operations Thread 30" [_thread_blocked, id=27440, stack(0x000000ce46700000,0x000000ce46800000)]
  0x000002a12236ac20 JavaThread "Unconstrained build operations Thread 31" [_thread_blocked, id=1068, stack(0x000000ce46800000,0x000000ce46900000)]
  0x000002a12236bb50 JavaThread "Unconstrained build operations Thread 32" [_thread_blocked, id=360, stack(0x000000ce46900000,0x000000ce46a00000)]
  0x000002a12236c060 JavaThread "WorkerExecutor Queue" [_thread_in_native, id=11700, stack(0x000000ce46a00000,0x000000ce46b00000)]
  0x000002a12236b640 JavaThread "RMI Scheduler(0)" daemon [_thread_blocked, id=20972, stack(0x000000ce42c00000,0x000000ce42d00000)]
  0x000002a12236c570 JavaThread "RMI RenewClean-[127.0.0.1:17609,org.jetbrains.kotlin.daemon.common.LoopbackNetworkInterface$ClientLoopbackSocketFactory@3150807a]" daemon [_thread_blocked, id=22796, stack(0x000000ce46b00000,0x000000ce46c00000)]
  0x000002a17fe82a60 JavaThread "RMI GC Daemon" daemon [_thread_blocked, id=7456, stack(0x000000ce46c00000,0x000000ce46d00000)]
=>0x000002a12480faf0 JavaThread "C2 CompilerThread1" daemon [_thread_in_native, id=17108, stack(0x000000ce46d00000,0x000000ce46e00000)]
  0x000002a17fe7f2b0 JavaThread "RMI TCP Accept-0" daemon [_thread_in_native, id=23460, stack(0x000000ce46e00000,0x000000ce46f00000)]
  0x000002a17fe852e0 JavaThread "RMI Reaper" [_thread_blocked, id=22740, stack(0x000000ce46f00000,0x000000ce47000000)]
  0x000002a17fe857f0 JavaThread "RMI TCP Connection(idle)" daemon [_thread_blocked, id=23396, stack(0x000000ce47000000,0x000000ce47100000)]
  0x000002a17fe85d00 JavaThread "Thread-141" [_thread_in_native, id=3568, stack(0x000000ce47100000,0x000000ce47200000)]

Other Threads:
  0x000002a17f9f5100 VMThread "VM Thread" [stack: 0x000000ce40b00000,0x000000ce40c00000] [id=21964]
  0x000002a1637bbba0 WatcherThread [stack: 0x000000ce41700000,0x000000ce41800000] [id=17668]
  0x000002a163816ae0 GCTaskThread "GC Thread#0" [stack: 0x000000ce40600000,0x000000ce40700000] [id=8700]
  0x000002a17fde47c0 GCTaskThread "GC Thread#1" [stack: 0x000000ce41a00000,0x000000ce41b00000] [id=152]
  0x000002a17fe37c70 GCTaskThread "GC Thread#2" [stack: 0x000000ce41b00000,0x000000ce41c00000] [id=4456]
  0x000002a17fe37f30 GCTaskThread "GC Thread#3" [stack: 0x000000ce41c00000,0x000000ce41d00000] [id=15796]
  0x000002a17fdf4840 GCTaskThread "GC Thread#4" [stack: 0x000000ce41d00000,0x000000ce41e00000] [id=21732]
  0x000002a1229c77c0 GCTaskThread "GC Thread#5" [stack: 0x000000ce41800000,0x000000ce41900000] [id=18240]
  0x000002a17fe6b6f0 GCTaskThread "GC Thread#6" [stack: 0x000000ce41900000,0x000000ce41a00000] [id=22904]
  0x000002a124bae3c0 GCTaskThread "GC Thread#7" [stack: 0x000000ce42f00000,0x000000ce43000000] [id=19404]
  0x000002a163827940 ConcurrentGCThread "G1 Main Marker" [stack: 0x000000ce40700000,0x000000ce40800000] [id=27388]
  0x000002a163828260 ConcurrentGCThread "G1 Conc#0" [stack: 0x000000ce40800000,0x000000ce40900000] [id=22764]
  0x000002a124bad8c0 ConcurrentGCThread "G1 Conc#1" [stack: 0x000000ce43000000,0x000000ce43100000] [id=21196]
  0x000002a16387da60 ConcurrentGCThread "G1 Refine#0" [stack: 0x000000ce40900000,0x000000ce40a00000] [id=8604]
  0x000002a122156270 ConcurrentGCThread "G1 Refine#1" [stack: 0x000000ce41e00000,0x000000ce41f00000] [id=20620]
  0x000002a16387e3a0 ConcurrentGCThread "G1 Service" [stack: 0x000000ce40a00000,0x000000ce40b00000] [id=16164]

Threads with active compile tasks:
C2 CompilerThread1    74208 11599   !   4       java.io.ObjectOutputStream::writeObject0 (620 bytes)

VM state: not at safepoint (normal execution)

VM Mutex/Monitor currently owned by a thread: None

Heap address: 0x0000000080000000, size: 2048 MB, Compressed Oops mode: 32-bit

CDS archive(s) mapped at: [0x000002a102000000-0x000002a102bd0000-0x000002a102bd0000), size 12386304, SharedBaseAddress: 0x000002a102000000, ArchiveRelocationMode: 1.
Compressed class space mapped at: 0x000002a103000000-0x000002a11d000000, reserved size: 436207616
Narrow klass base: 0x000002a102000000, Narrow klass shift: 0, Narrow klass range: 0x100000000

GC Precious Log:
 CPUs: 8 total, 8 available
 Memory: 15631M
 Large Page Support: Disabled
 NUMA Support: Disabled
 Compressed Oops: Enabled (32-bit)
 Heap Region Size: 1M
 Heap Min Capacity: 8M
 Heap Initial Capacity: 246M
 Heap Max Capacity: 2G
 Pre-touch: Disabled
 Parallel Workers: 8
 Concurrent Workers: 2
 Concurrent Refinement Workers: 8
 Periodic GC: Disabled

Heap:
 garbage-first heap   total 130048K, used 105584K [0x0000000080000000, 0x0000000100000000)
  region size 1024K, 34 young (34816K), 3 survivors (3072K)
 Metaspace       used 78468K, committed 79488K, reserved 557056K
  class space    used 11089K, committed 11584K, reserved 425984K

Heap Regions: E=young(eden), S=young(survivor), O=old, HS=humongous(starts), HC=humongous(continues), CS=collection set, F=free, OA=open archive, CA=closed archive, TAMS=top-at-mark-start (previous, next)
|   0|0x0000000080000000, 0x0000000080100000, 0x0000000080100000|100%|HS|  |TAMS 0x0000000080100000, 0x0000000080000000| Complete 
|   1|0x0000000080100000, 0x0000000080200000, 0x0000000080200000|100%|HC|  |TAMS 0x0000000080200000, 0x0000000080100000| Complete 
|   2|0x0000000080200000, 0x0000000080300000, 0x0000000080300000|100%|HC|  |TAMS 0x0000000080300000, 0x0000000080200000| Complete 
|   3|0x0000000080300000, 0x0000000080400000, 0x0000000080400000|100%| O|  |TAMS 0x0000000080400000, 0x0000000080300000| Untracked 
|   4|0x0000000080400000, 0x0000000080500000, 0x0000000080500000|100%| O|  |TAMS 0x0000000080500000, 0x0000000080400000| Untracked 
|   5|0x0000000080500000, 0x0000000080600000, 0x0000000080600000|100%| O|  |TAMS 0x0000000080600000, 0x0000000080500000| Untracked 
|   6|0x0000000080600000, 0x0000000080700000, 0x0000000080700000|100%|HS|  |TAMS 0x0000000080700000, 0x0000000080600000| Complete 
|   7|0x0000000080700000, 0x0000000080800000, 0x0000000080800000|100%| O|  |TAMS 0x0000000080800000, 0x0000000080700000| Untracked 
|   8|0x0000000080800000, 0x0000000080900000, 0x0000000080900000|100%| O|  |TAMS 0x0000000080900000, 0x0000000080800000| Untracked 
|   9|0x0000000080900000, 0x0000000080a00000, 0x0000000080a00000|100%| O|  |TAMS 0x0000000080a00000, 0x0000000080900000| Untracked 
|  10|0x0000000080a00000, 0x0000000080b00000, 0x0000000080b00000|100%| O|  |TAMS 0x0000000080b00000, 0x0000000080a00000| Untracked 
|  11|0x0000000080b00000, 0x0000000080c00000, 0x0000000080c00000|100%| O|  |TAMS 0x0000000080c00000, 0x0000000080b00000| Untracked 
|  12|0x0000000080c00000, 0x0000000080d00000, 0x0000000080d00000|100%| O|  |TAMS 0x0000000080d00000, 0x0000000080c00000| Untracked 
|  13|0x0000000080d00000, 0x0000000080e00000, 0x0000000080e00000|100%| O|  |TAMS 0x0000000080e00000, 0x0000000080d00000| Untracked 
|  14|0x0000000080e00000, 0x0000000080f00000, 0x0000000080f00000|100%| O|  |TAMS 0x0000000080f00000, 0x0000000080e00000| Untracked 
|  15|0x0000000080f00000, 0x0000000081000000, 0x0000000081000000|100%| O|  |TAMS 0x0000000081000000, 0x0000000080f00000| Untracked 
|  16|0x0000000081000000, 0x0000000081100000, 0x0000000081100000|100%| O|  |TAMS 0x0000000081100000, 0x0000000081000000| Untracked 
|  17|0x0000000081100000, 0x0000000081200000, 0x0000000081200000|100%| O|  |TAMS 0x0000000081200000, 0x0000000081100000| Untracked 
|  18|0x0000000081200000, 0x0000000081300000, 0x0000000081300000|100%| O|  |TAMS 0x0000000081300000, 0x0000000081200000| Untracked 
|  19|0x0000000081300000, 0x0000000081400000, 0x0000000081400000|100%| O|  |TAMS 0x0000000081400000, 0x0000000081300000| Untracked 
|  20|0x0000000081400000, 0x0000000081500000, 0x0000000081500000|100%| O|  |TAMS 0x0000000081500000, 0x0000000081400000| Untracked 
|  21|0x0000000081500000, 0x0000000081600000, 0x0000000081600000|100%| O|  |TAMS 0x0000000081600000, 0x0000000081500000| Untracked 
|  22|0x0000000081600000, 0x0000000081700000, 0x0000000081700000|100%| O|  |TAMS 0x0000000081700000, 0x0000000081600000| Untracked 
|  23|0x0000000081700000, 0x0000000081800000, 0x0000000081800000|100%| O|  |TAMS 0x0000000081800000, 0x0000000081700000| Untracked 
|  24|0x0000000081800000, 0x0000000081900000, 0x0000000081900000|100%| O|  |TAMS 0x0000000081900000, 0x0000000081800000| Untracked 
|  25|0x0000000081900000, 0x0000000081a00000, 0x0000000081a00000|100%| O|  |TAMS 0x0000000081a00000, 0x0000000081900000| Untracked 
|  26|0x0000000081a00000, 0x0000000081b00000, 0x0000000081b00000|100%| O|  |TAMS 0x0000000081b00000, 0x0000000081a00000| Untracked 
|  27|0x0000000081b00000, 0x0000000081c00000, 0x0000000081c00000|100%| O|  |TAMS 0x0000000081c00000, 0x0000000081b00000| Untracked 
|  28|0x0000000081c00000, 0x0000000081d00000, 0x0000000081d00000|100%| O|  |TAMS 0x0000000081d00000, 0x0000000081c00000| Untracked 
|  29|0x0000000081d00000, 0x0000000081e00000, 0x0000000081e00000|100%| O|  |TAMS 0x0000000081e00000, 0x0000000081d00000| Untracked 
|  30|0x0000000081e00000, 0x0000000081f00000, 0x0000000081f00000|100%| O|  |TAMS 0x0000000081f00000, 0x0000000081e00000| Untracked 
|  31|0x0000000081f00000, 0x0000000082000000, 0x0000000082000000|100%| O|  |TAMS 0x0000000082000000, 0x0000000081f00000| Untracked 
|  32|0x0000000082000000, 0x0000000082100000, 0x0000000082100000|100%| O|  |TAMS 0x0000000082100000, 0x0000000082000000| Untracked 
|  33|0x0000000082100000, 0x0000000082200000, 0x0000000082200000|100%| O|  |TAMS 0x0000000082200000, 0x0000000082100000| Untracked 
|  34|0x0000000082200000, 0x0000000082300000, 0x0000000082300000|100%| O|  |TAMS 0x0000000082300000, 0x0000000082200000| Untracked 
|  35|0x0000000082300000, 0x0000000082400000, 0x0000000082400000|100%| O|  |TAMS 0x0000000082400000, 0x0000000082300000| Untracked 
|  36|0x0000000082400000, 0x0000000082500000, 0x0000000082500000|100%| O|  |TAMS 0x0000000082500000, 0x0000000082400000| Untracked 
|  37|0x0000000082500000, 0x0000000082600000, 0x0000000082600000|100%| O|  |TAMS 0x0000000082600000, 0x0000000082500000| Untracked 
|  38|0x0000000082600000, 0x0000000082700000, 0x0000000082700000|100%| O|  |TAMS 0x0000000082700000, 0x0000000082600000| Untracked 
|  39|0x0000000082700000, 0x0000000082800000, 0x0000000082800000|100%| O|  |TAMS 0x0000000082800000, 0x0000000082700000| Untracked 
|  40|0x0000000082800000, 0x0000000082900000, 0x0000000082900000|100%| O|  |TAMS 0x0000000082900000, 0x0000000082800000| Untracked 
|  41|0x0000000082900000, 0x0000000082a00000, 0x0000000082a00000|100%| O|  |TAMS 0x0000000082a00000, 0x0000000082900000| Untracked 
|  42|0x0000000082a00000, 0x0000000082a00000, 0x0000000082b00000|  0%| F|  |TAMS 0x0000000082a00000, 0x0000000082a00000| Untracked 
|  43|0x0000000082b00000, 0x0000000082c00000, 0x0000000082c00000|100%| O|  |TAMS 0x0000000082c00000, 0x0000000082b00000| Untracked 
|  44|0x0000000082c00000, 0x0000000082d00000, 0x0000000082d00000|100%|HS|  |TAMS 0x0000000082d00000, 0x0000000082c00000| Complete 
|  45|0x0000000082d00000, 0x0000000082e00000, 0x0000000082e00000|100%|HC|  |TAMS 0x0000000082e00000, 0x0000000082d00000| Complete 
|  46|0x0000000082e00000, 0x0000000082f00000, 0x0000000082f00000|100%|HC|  |TAMS 0x0000000082f00000, 0x0000000082e00000| Complete 
|  47|0x0000000082f00000, 0x0000000083000000, 0x0000000083000000|100%|HS|  |TAMS 0x0000000083000000, 0x0000000082f00000| Complete 
|  48|0x0000000083000000, 0x0000000083100000, 0x0000000083100000|100%|HC|  |TAMS 0x0000000083100000, 0x0000000083000000| Complete 
|  49|0x0000000083100000, 0x0000000083200000, 0x0000000083200000|100%|HC|  |TAMS 0x0000000083200000, 0x0000000083100000| Complete 
|  50|0x0000000083200000, 0x0000000083300000, 0x0000000083300000|100%| O|  |TAMS 0x0000000083300000, 0x0000000083200000| Untracked 
|  51|0x0000000083300000, 0x0000000083400000, 0x0000000083400000|100%| O|  |TAMS 0x0000000083400000, 0x0000000083300000| Untracked 
|  52|0x0000000083400000, 0x0000000083500000, 0x0000000083500000|100%| O|  |TAMS 0x0000000083500000, 0x0000000083400000| Untracked 
|  53|0x0000000083500000, 0x0000000083600000, 0x0000000083600000|100%| O|  |TAMS 0x0000000083600000, 0x0000000083500000| Untracked 
|  54|0x0000000083600000, 0x0000000083600000, 0x0000000083700000|  0%| F|  |TAMS 0x0000000083600000, 0x0000000083600000| Untracked 
|  55|0x0000000083700000, 0x0000000083800000, 0x0000000083800000|100%| O|  |TAMS 0x0000000083800000, 0x0000000083700000| Untracked 
|  56|0x0000000083800000, 0x0000000083900000, 0x0000000083900000|100%| O|  |TAMS 0x0000000083900000, 0x0000000083800000| Untracked 
|  57|0x0000000083900000, 0x0000000083a00000, 0x0000000083a00000|100%| O|  |TAMS 0x0000000083a00000, 0x0000000083900000| Untracked 
|  58|0x0000000083a00000, 0x0000000083b00000, 0x0000000083b00000|100%| O|  |TAMS 0x0000000083b00000, 0x0000000083a00000| Untracked 
|  59|0x0000000083b00000, 0x0000000083c00000, 0x0000000083c00000|100%| O|  |TAMS 0x0000000083c00000, 0x0000000083b00000| Untracked 
|  60|0x0000000083c00000, 0x0000000083d00000, 0x0000000083d00000|100%| O|  |TAMS 0x0000000083d00000, 0x0000000083c00000| Untracked 
|  61|0x0000000083d00000, 0x0000000083e00000, 0x0000000083e00000|100%| O|  |TAMS 0x0000000083e00000, 0x0000000083d00000| Untracked 
|  62|0x0000000083e00000, 0x0000000083f00000, 0x0000000083f00000|100%| O|  |TAMS 0x0000000083f00000, 0x0000000083e00000| Untracked 
|  63|0x0000000083f00000, 0x0000000084000000, 0x0000000084000000|100%| O|  |TAMS 0x0000000084000000, 0x0000000083f00000| Untracked 
|  64|0x0000000084000000, 0x0000000084100000, 0x0000000084100000|100%| O|  |TAMS 0x0000000084100000, 0x0000000084000000| Untracked 
|  65|0x0000000084100000, 0x0000000084200000, 0x0000000084200000|100%| O|  |TAMS 0x0000000084168600, 0x0000000084100000| Untracked 
|  66|0x0000000084200000, 0x0000000084300000, 0x0000000084300000|100%| O|  |TAMS 0x0000000084200000, 0x0000000084200000| Untracked 
|  67|0x0000000084300000, 0x0000000084400000, 0x0000000084400000|100%| O|  |TAMS 0x0000000084300000, 0x0000000084300000| Untracked 
|  68|0x0000000084400000, 0x0000000084500000, 0x0000000084500000|100%| O|  |TAMS 0x0000000084400000, 0x0000000084400000| Untracked 
|  69|0x0000000084500000, 0x0000000084600000, 0x0000000084600000|100%| O|  |TAMS 0x0000000084500000, 0x0000000084500000| Untracked 
|  70|0x0000000084600000, 0x0000000084700000, 0x0000000084700000|100%| O|  |TAMS 0x0000000084600000, 0x0000000084600000| Untracked 
|  71|0x0000000084700000, 0x0000000084800000, 0x0000000084800000|100%| O|  |TAMS 0x0000000084700000, 0x0000000084700000| Untracked 
|  72|0x0000000084800000, 0x00000000848bca00, 0x0000000084900000| 73%| O|  |TAMS 0x0000000084800000, 0x0000000084800000| Untracked 
|  73|0x0000000084900000, 0x0000000084900000, 0x0000000084a00000|  0%| F|  |TAMS 0x0000000084900000, 0x0000000084900000| Untracked 
|  74|0x0000000084a00000, 0x0000000084a00000, 0x0000000084b00000|  0%| F|  |TAMS 0x0000000084a00000, 0x0000000084a00000| Untracked 
|  75|0x0000000084b00000, 0x0000000084b00000, 0x0000000084c00000|  0%| F|  |TAMS 0x0000000084b00000, 0x0000000084b00000| Untracked 
|  76|0x0000000084c00000, 0x0000000084c00000, 0x0000000084d00000|  0%| F|  |TAMS 0x0000000084c00000, 0x0000000084c00000| Untracked 
|  77|0x0000000084d00000, 0x0000000084d00000, 0x0000000084e00000|  0%| F|  |TAMS 0x0000000084d00000, 0x0000000084d00000| Untracked 
|  78|0x0000000084e00000, 0x0000000084e00000, 0x0000000084f00000|  0%| F|  |TAMS 0x0000000084e00000, 0x0000000084e00000| Untracked 
|  79|0x0000000084f00000, 0x0000000084f00000, 0x0000000085000000|  0%| F|  |TAMS 0x0000000084f00000, 0x0000000084f00000| Untracked 
|  80|0x0000000085000000, 0x0000000085000000, 0x0000000085100000|  0%| F|  |TAMS 0x0000000085000000, 0x0000000085000000| Untracked 
|  81|0x0000000085100000, 0x0000000085100000, 0x0000000085200000|  0%| F|  |TAMS 0x0000000085100000, 0x0000000085100000| Untracked 
|  82|0x0000000085200000, 0x0000000085200000, 0x0000000085300000|  0%| F|  |TAMS 0x0000000085200000, 0x0000000085200000| Untracked 
|  83|0x0000000085300000, 0x0000000085300000, 0x0000000085400000|  0%| F|  |TAMS 0x0000000085300000, 0x0000000085300000| Untracked 
|  84|0x0000000085400000, 0x0000000085400000, 0x0000000085500000|  0%| F|  |TAMS 0x0000000085400000, 0x0000000085400000| Untracked 
|  85|0x0000000085500000, 0x0000000085500000, 0x0000000085600000|  0%| F|  |TAMS 0x0000000085500000, 0x0000000085500000| Untracked 
|  86|0x0000000085600000, 0x0000000085600000, 0x0000000085700000|  0%| F|  |TAMS 0x0000000085600000, 0x0000000085600000| Untracked 
|  87|0x0000000085700000, 0x0000000085700000, 0x0000000085800000|  0%| F|  |TAMS 0x0000000085700000, 0x0000000085700000| Untracked 
|  88|0x0000000085800000, 0x0000000085800000, 0x0000000085900000|  0%| F|  |TAMS 0x0000000085800000, 0x0000000085800000| Untracked 
|  89|0x0000000085900000, 0x000000008595f648, 0x0000000085a00000| 37%| S|CS|TAMS 0x0000000085900000, 0x0000000085900000| Complete 
|  90|0x0000000085a00000, 0x0000000085b00000, 0x0000000085b00000|100%| S|CS|TAMS 0x0000000085a00000, 0x0000000085a00000| Complete 
|  91|0x0000000085b00000, 0x0000000085c00000, 0x0000000085c00000|100%| S|CS|TAMS 0x0000000085b00000, 0x0000000085b00000| Complete 
|  92|0x0000000085c00000, 0x0000000085c00000, 0x0000000085d00000|  0%| F|  |TAMS 0x0000000085c00000, 0x0000000085c00000| Untracked 
|  93|0x0000000085d00000, 0x0000000085d00000, 0x0000000085e00000|  0%| F|  |TAMS 0x0000000085d00000, 0x0000000085d00000| Untracked 
|  94|0x0000000085e00000, 0x0000000085e00000, 0x0000000085f00000|  0%| F|  |TAMS 0x0000000085e00000, 0x0000000085e00000| Untracked 
|  95|0x0000000085f00000, 0x0000000085f00000, 0x0000000086000000|  0%| F|  |TAMS 0x0000000085f00000, 0x0000000085f00000| Untracked 
|  96|0x0000000086000000, 0x00000000860796c0, 0x0000000086100000| 47%| E|  |TAMS 0x0000000086000000, 0x0000000086000000| Complete 
|  97|0x0000000086100000, 0x0000000086200000, 0x0000000086200000|100%| E|CS|TAMS 0x0000000086100000, 0x0000000086100000| Complete 
|  98|0x0000000086200000, 0x0000000086300000, 0x0000000086300000|100%| E|CS|TAMS 0x0000000086200000, 0x0000000086200000| Complete 
|  99|0x0000000086300000, 0x0000000086400000, 0x0000000086400000|100%| E|CS|TAMS 0x0000000086300000, 0x0000000086300000| Complete 
| 100|0x0000000086400000, 0x0000000086500000, 0x0000000086500000|100%| E|CS|TAMS 0x0000000086400000, 0x0000000086400000| Complete 
| 101|0x0000000086500000, 0x0000000086600000, 0x0000000086600000|100%| E|CS|TAMS 0x0000000086500000, 0x0000000086500000| Complete 
| 102|0x0000000086600000, 0x0000000086700000, 0x0000000086700000|100%| E|CS|TAMS 0x0000000086600000, 0x0000000086600000| Complete 
| 103|0x0000000086700000, 0x0000000086800000, 0x0000000086800000|100%| E|CS|TAMS 0x0000000086700000, 0x0000000086700000| Complete 
| 104|0x0000000086800000, 0x0000000086900000, 0x0000000086900000|100%| E|CS|TAMS 0x0000000086800000, 0x0000000086800000| Complete 
| 105|0x0000000086900000, 0x0000000086a00000, 0x0000000086a00000|100%| E|CS|TAMS 0x0000000086900000, 0x0000000086900000| Complete 
| 106|0x0000000086a00000, 0x0000000086b00000, 0x0000000086b00000|100%| E|CS|TAMS 0x0000000086a00000, 0x0000000086a00000| Complete 
| 107|0x0000000086b00000, 0x0000000086c00000, 0x0000000086c00000|100%| E|CS|TAMS 0x0000000086b00000, 0x0000000086b00000| Complete 
| 108|0x0000000086c00000, 0x0000000086d00000, 0x0000000086d00000|100%| E|CS|TAMS 0x0000000086c00000, 0x0000000086c00000| Complete 
| 109|0x0000000086d00000, 0x0000000086e00000, 0x0000000086e00000|100%| E|CS|TAMS 0x0000000086d00000, 0x0000000086d00000| Complete 
| 110|0x0000000086e00000, 0x0000000086f00000, 0x0000000086f00000|100%| E|CS|TAMS 0x0000000086e00000, 0x0000000086e00000| Complete 
| 111|0x0000000086f00000, 0x0000000087000000, 0x0000000087000000|100%| E|CS|TAMS 0x0000000086f00000, 0x0000000086f00000| Complete 
| 112|0x0000000087000000, 0x0000000087100000, 0x0000000087100000|100%| E|CS|TAMS 0x0000000087000000, 0x0000000087000000| Complete 
| 113|0x0000000087100000, 0x0000000087200000, 0x0000000087200000|100%| E|CS|TAMS 0x0000000087100000, 0x0000000087100000| Complete 
| 126|0x0000000087e00000, 0x0000000087f00000, 0x0000000087f00000|100%| E|CS|TAMS 0x0000000087e00000, 0x0000000087e00000| Complete 
| 127|0x0000000087f00000, 0x0000000088000000, 0x0000000088000000|100%| E|CS|TAMS 0x0000000087f00000, 0x0000000087f00000| Complete 
| 128|0x0000000088000000, 0x0000000088100000, 0x0000000088100000|100%| E|CS|TAMS 0x0000000088000000, 0x0000000088000000| Complete 
| 129|0x0000000088100000, 0x0000000088200000, 0x0000000088200000|100%| E|CS|TAMS 0x0000000088100000, 0x0000000088100000| Complete 
| 130|0x0000000088200000, 0x0000000088300000, 0x0000000088300000|100%| E|CS|TAMS 0x0000000088200000, 0x0000000088200000| Complete 
| 131|0x0000000088300000, 0x0000000088400000, 0x0000000088400000|100%| E|CS|TAMS 0x0000000088300000, 0x0000000088300000| Complete 
| 132|0x0000000088400000, 0x0000000088500000, 0x0000000088500000|100%| E|CS|TAMS 0x0000000088400000, 0x0000000088400000| Complete 
| 133|0x0000000088500000, 0x0000000088600000, 0x0000000088600000|100%| E|CS|TAMS 0x0000000088500000, 0x0000000088500000| Complete 
| 134|0x0000000088600000, 0x0000000088700000, 0x0000000088700000|100%| E|CS|TAMS 0x0000000088600000, 0x0000000088600000| Complete 
| 135|0x0000000088700000, 0x0000000088800000, 0x0000000088800000|100%| E|CS|TAMS 0x0000000088700000, 0x0000000088700000| Complete 
| 136|0x0000000088800000, 0x0000000088900000, 0x0000000088900000|100%| E|CS|TAMS 0x0000000088800000, 0x0000000088800000| Complete 
| 137|0x0000000088900000, 0x0000000088a00000, 0x0000000088a00000|100%| E|CS|TAMS 0x0000000088900000, 0x0000000088900000| Complete 
| 245|0x000000008f500000, 0x000000008f600000, 0x000000008f600000|100%| E|CS|TAMS 0x000000008f500000, 0x000000008f500000| Complete 

Card table byte_map: [0x000002a17a7a0000,0x000002a17aba0000] _byte_map_base: 0x000002a17a3a0000

Marking Bits (Prev, Next): (CMBitMap*) 0x000002a163817010, (CMBitMap*) 0x000002a163817050
 Prev Bits: [0x000002a17afa0000, 0x000002a17cfa0000)
 Next Bits: [0x000002a17cfa0000, 0x000002a17efa0000)

Polling page: 0x000002a161750000

Metaspace:

Usage:
  Non-class:     65.80 MB used.
      Class:     10.83 MB used.
       Both:     76.63 MB used.

Virtual space:
  Non-class space:      128.00 MB reserved,      66.31 MB ( 52%) committed,  2 nodes.
      Class space:      416.00 MB reserved,      11.31 MB (  3%) committed,  1 nodes.
             Both:      544.00 MB reserved,      77.62 MB ( 14%) committed. 

Chunk freelists:
   Non-Class:  12.79 MB
       Class:  4.68 MB
        Both:  17.47 MB

MaxMetaspaceSize: 512.00 MB
CompressedClassSpaceSize: 416.00 MB
Initial GC threshold: 21.00 MB
Current GC threshold: 123.25 MB
CDS: on
MetaspaceReclaimPolicy: balanced
 - commit_granule_bytes: 65536.
 - commit_granule_words: 8192.
 - virtual_space_node_default_size: 8388608.
 - enlarge_chunks_in_place: 1.
 - new_chunks_are_fully_committed: 0.
 - uncommit_free_chunks: 1.
 - use_allocation_guard: 0.
 - handle_deallocations: 1.


Internal statistics:

num_allocs_failed_limit: 6.
num_arena_births: 1410.
num_arena_deaths: 0.
num_vsnodes_births: 3.
num_vsnodes_deaths: 0.
num_space_committed: 1242.
num_space_uncommitted: 0.
num_chunks_returned_to_freelist: 6.
num_chunks_taken_from_freelist: 5079.
num_chunk_merges: 6.
num_chunk_splits: 3128.
num_chunks_enlarged: 1814.
num_inconsistent_stats: 0.

CodeHeap 'non-profiled nmethods': size=120000Kb used=6024Kb max_used=6024Kb free=113975Kb
 bounds [0x000002a172b30000, 0x000002a173120000, 0x000002a17a060000]
CodeHeap 'profiled nmethods': size=120000Kb used=19848Kb max_used=19848Kb free=100151Kb
 bounds [0x000002a16b060000, 0x000002a16c3d0000, 0x000002a172590000]
CodeHeap 'non-nmethods': size=5760Kb used=2413Kb max_used=2464Kb free=3346Kb
 bounds [0x000002a172590000, 0x000002a172800000, 0x000002a172b30000]
 total_blobs=11062 nmethods=10110 adapters=864
 compilation: enabled
              stopped_count=0, restarted_count=0
 full_count=0

Compilation events (20 events):
Event: 72.957 Thread 0x000002a17fa1e540 11634       3       java.io.ObjectOutputStream::annotateClass (1 bytes)
Event: 72.957 Thread 0x000002a17fa1dc30 11636       4       kotlin.jvm.internal.Intrinsics::compare (20 bytes)
Event: 72.957 Thread 0x000002a17fa1e540 nmethod 11634 0x000002a16c3bf410 code [0x000002a16c3bf5a0, 0x000002a16c3bf6b8]
Event: 72.958 Thread 0x000002a17fa1dc30 nmethod 11636 0x000002a173111710 code [0x000002a173111880, 0x000002a1731118f8]
Event: 72.959 Thread 0x000002a17fa1e540 11637       3       org.gradle.api.JavaVersion::isCompatibleWith (14 bytes)
Event: 72.960 Thread 0x000002a17fa1e540 nmethod 11637 0x000002a16c3bf790 code [0x000002a16c3bf940, 0x000002a16c3bfae8]
Event: 72.960 Thread 0x000002a17fa1e540 11638       3       java.nio.file.Path::of (9 bytes)
Event: 72.960 Thread 0x000002a17fa1e540 nmethod 11638 0x000002a16c3bfb90 code [0x000002a16c3bfd60, 0x000002a16c3c0188]
Event: 72.961 Thread 0x000002a17fa1e540 11639       3       org.gradle.api.JavaVersion::isJava9Compatible (8 bytes)
Event: 72.961 Thread 0x000002a17fa1e540 nmethod 11639 0x000002a16c3c0310 code [0x000002a16c3c04c0, 0x000002a16c3c06c8]
Event: 72.961 Thread 0x000002a17fa1dc30 11640       4       java.io.ObjectOutputStream$ReplaceTable::lookup (24 bytes)
Event: 72.962 Thread 0x000002a17fa1e540 11641   !   3       sun.nio.ch.SocketChannelImpl::write (186 bytes)
Event: 72.963 Thread 0x000002a17fa1e540 nmethod 11641 0x000002a16c3c0790 code [0x000002a16c3c0b20, 0x000002a16c3c22a8]
Event: 72.964 Thread 0x000002a17fa1e540 11642   !   3       sun.nio.ch.SocketChannelImpl::beginWrite (52 bytes)
Event: 72.964 Thread 0x000002a17fa1e540 nmethod 11642 0x000002a16c3c2c90 code [0x000002a16c3c2ea0, 0x000002a16c3c34e8]
Event: 72.964 Thread 0x000002a17fa1dc30 nmethod 11640 0x000002a173111a10 code [0x000002a173111ba0, 0x000002a173111e28]
Event: 72.964 Thread 0x000002a17fa1e540 11643   !   3       sun.nio.ch.SocketChannelImpl::endWrite (46 bytes)
Event: 72.965 Thread 0x000002a17fa1e540 nmethod 11643 0x000002a16c3c3890 code [0x000002a16c3c3a60, 0x000002a16c3c3df8]
Event: 72.965 Thread 0x000002a17fa1e540 11644       3       java.nio.DirectByteBuffer::compact (5 bytes)
Event: 72.965 Thread 0x000002a17fa1e540 nmethod 11644 0x000002a16c3c3f90 code [0x000002a16c3c4140, 0x000002a16c3c4308]

GC Heap History (20 events):
Event: 24.048 GC heap before
{Heap before GC invocations=36 (full 0):
 garbage-first heap   total 106496K, used 64420K [0x0000000080000000, 0x0000000100000000)
  region size 1024K, 5 young (5120K), 2 survivors (2048K)
 Metaspace       used 65874K, committed 66688K, reserved 491520K
  class space    used 9308K, committed 9728K, reserved 425984K
}
Event: 24.051 GC heap after
{Heap after GC invocations=37 (full 0):
 garbage-first heap   total 106496K, used 61354K [0x0000000080000000, 0x0000000100000000)
  region size 1024K, 1 young (1024K), 1 survivors (1024K)
 Metaspace       used 65874K, committed 66688K, reserved 491520K
  class space    used 9308K, committed 9728K, reserved 425984K
}
Event: 25.042 GC heap before
{Heap before GC invocations=37 (full 0):
 garbage-first heap   total 106496K, used 85930K [0x0000000080000000, 0x0000000100000000)
  region size 1024K, 25 young (25600K), 1 survivors (1024K)
 Metaspace       used 66903K, committed 67712K, reserved 491520K
  class space    used 9448K, committed 9856K, reserved 425984K
}
Event: 25.046 GC heap after
{Heap after GC invocations=38 (full 0):
 garbage-first heap   total 106496K, used 64158K [0x0000000080000000, 0x0000000100000000)
  region size 1024K, 4 young (4096K), 4 survivors (4096K)
 Metaspace       used 66903K, committed 67712K, reserved 491520K
  class space    used 9448K, committed 9856K, reserved 425984K
}
Event: 25.627 GC heap before
{Heap before GC invocations=39 (full 0):
 garbage-first heap   total 111616K, used 85662K [0x0000000080000000, 0x0000000100000000)
  region size 1024K, 25 young (25600K), 4 survivors (4096K)
 Metaspace       used 68310K, committed 69120K, reserved 491520K
  class space    used 9661K, committed 10048K, reserved 425984K
}
Event: 25.632 GC heap after
{Heap after GC invocations=40 (full 0):
 garbage-first heap   total 111616K, used 65777K [0x0000000080000000, 0x0000000100000000)
  region size 1024K, 2 young (2048K), 2 survivors (2048K)
 Metaspace       used 68310K, committed 69120K, reserved 491520K
  class space    used 9661K, committed 10048K, reserved 425984K
}
Event: 25.726 GC heap before
{Heap before GC invocations=40 (full 0):
 garbage-first heap   total 111616K, used 68849K [0x0000000080000000, 0x0000000100000000)
  region size 1024K, 5 young (5120K), 2 survivors (2048K)
 Metaspace       used 68462K, committed 69312K, reserved 491520K
  class space    used 9685K, committed 10112K, reserved 425984K
}
Event: 25.729 GC heap after
{Heap after GC invocations=41 (full 0):
 garbage-first heap   total 111616K, used 64980K [0x0000000080000000, 0x0000000100000000)
  region size 1024K, 1 young (1024K), 1 survivors (1024K)
 Metaspace       used 68462K, committed 69312K, reserved 491520K
  class space    used 9685K, committed 10112K, reserved 425984K
}
Event: 26.639 GC heap before
{Heap before GC invocations=41 (full 0):
 garbage-first heap   total 111616K, used 90580K [0x0000000080000000, 0x0000000100000000)
  region size 1024K, 26 young (26624K), 1 survivors (1024K)
 Metaspace       used 70769K, committed 71616K, reserved 491520K
  class space    used 10054K, committed 10432K, reserved 425984K
}
Event: 26.644 GC heap after
{Heap after GC invocations=42 (full 0):
 garbage-first heap   total 111616K, used 67055K [0x0000000080000000, 0x0000000100000000)
  region size 1024K, 3 young (3072K), 3 survivors (3072K)
 Metaspace       used 70769K, committed 71616K, reserved 491520K
  class space    used 10054K, committed 10432K, reserved 425984K
}
Event: 27.613 GC heap before
{Heap before GC invocations=42 (full 0):
 garbage-first heap   total 111616K, used 91631K [0x0000000080000000, 0x0000000100000000)
  region size 1024K, 27 young (27648K), 3 survivors (3072K)
 Metaspace       used 72530K, committed 73408K, reserved 491520K
  class space    used 10340K, committed 10752K, reserved 425984K
}
Event: 27.617 GC heap after
{Heap after GC invocations=43 (full 0):
 garbage-first heap   total 111616K, used 70501K [0x0000000080000000, 0x0000000100000000)
  region size 1024K, 4 young (4096K), 4 survivors (4096K)
 Metaspace       used 72530K, committed 73408K, reserved 491520K
  class space    used 10340K, committed 10752K, reserved 425984K
}
Event: 28.258 GC heap before
{Heap before GC invocations=43 (full 0):
 garbage-first heap   total 111616K, used 90981K [0x0000000080000000, 0x0000000100000000)
  region size 1024K, 25 young (25600K), 4 survivors (4096K)
 Metaspace       used 74396K, committed 75200K, reserved 491520K
  class space    used 10549K, committed 10944K, reserved 425984K
}
Event: 28.263 GC heap after
{Heap after GC invocations=44 (full 0):
 garbage-first heap   total 111616K, used 72967K [0x0000000080000000, 0x0000000100000000)
  region size 1024K, 3 young (3072K), 3 survivors (3072K)
 Metaspace       used 74396K, committed 75200K, reserved 491520K
  class space    used 10549K, committed 10944K, reserved 425984K
}
Event: 37.517 GC heap before
{Heap before GC invocations=45 (full 0):
 garbage-first heap   total 130048K, used 90375K [0x0000000080000000, 0x0000000100000000)
  region size 1024K, 21 young (21504K), 3 survivors (3072K)
 Metaspace       used 76321K, committed 77120K, reserved 557056K
  class space    used 10881K, committed 11264K, reserved 425984K
}
Event: 37.520 GC heap after
{Heap after GC invocations=46 (full 0):
 garbage-first heap   total 130048K, used 73730K [0x0000000080000000, 0x0000000100000000)
  region size 1024K, 2 young (2048K), 2 survivors (2048K)
 Metaspace       used 76321K, committed 77120K, reserved 557056K
  class space    used 10881K, committed 11264K, reserved 425984K
}
Event: 65.155 GC heap before
{Heap before GC invocations=46 (full 0):
 garbage-first heap   total 130048K, used 77826K [0x0000000080000000, 0x0000000100000000)
  region size 1024K, 6 young (6144K), 2 survivors (2048K)
 Metaspace       used 76548K, committed 77504K, reserved 557056K
  class space    used 10909K, committed 11328K, reserved 425984K
}
Event: 65.158 GC heap after
{Heap after GC invocations=47 (full 0):
 garbage-first heap   total 130048K, used 72977K [0x0000000080000000, 0x0000000100000000)
  region size 1024K, 1 young (1024K), 1 survivors (1024K)
 Metaspace       used 76548K, committed 77504K, reserved 557056K
  class space    used 10909K, committed 11328K, reserved 425984K
}
Event: 65.775 GC heap before
{Heap before GC invocations=47 (full 0):
 garbage-first heap   total 130048K, used 107793K [0x0000000080000000, 0x0000000100000000)
  region size 1024K, 35 young (35840K), 1 survivors (1024K)
 Metaspace       used 76768K, committed 77696K, reserved 557056K
  class space    used 10914K, committed 11392K, reserved 425984K
}
Event: 65.779 GC heap after
{Heap after GC invocations=48 (full 0):
 garbage-first heap   total 130048K, used 74864K [0x0000000080000000, 0x0000000100000000)
  region size 1024K, 3 young (3072K), 3 survivors (3072K)
 Metaspace       used 76768K, committed 77696K, reserved 557056K
  class space    used 10914K, committed 11392K, reserved 425984K
}

Deoptimization events (20 events):
Event: 71.528 Thread 0x000002a12236c060 Uncommon trap: trap_request=0xffffffbe fr.pc=0x000002a172ed31e4 relative=0x0000000000001364
Event: 71.528 Thread 0x000002a12236c060 Uncommon trap: reason=profile_predicate action=maybe_recompile pc=0x000002a172ed31e4 method=java.lang.invoke.InvokerBytecodeGenerator.<init>(Ljava/lang/String;Ljava/lang/String;Ljava/lang/invoke/LambdaForm;Ljava/lang/invoke/MethodType;)V @ 33 c2
Event: 71.528 Thread 0x000002a12236c060 DEOPT PACKING pc=0x000002a172ed31e4 sp=0x000000ce46afbeb0
Event: 71.528 Thread 0x000002a12236c060 DEOPT UNPACKING pc=0x000002a1725e23a3 sp=0x000000ce46afbca8 mode 2
Event: 71.537 Thread 0x000002a12236c060 Uncommon trap: trap_request=0xffffff45 fr.pc=0x000002a172cdaa94 relative=0x0000000000000e34
Event: 71.537 Thread 0x000002a12236c060 Uncommon trap: reason=unstable_if action=reinterpret pc=0x000002a172cdaa94 method=java.util.WeakHashMap.matchesKey(Ljava/util/WeakHashMap$Entry;Ljava/lang/Object;)Z @ 5 c2
Event: 71.537 Thread 0x000002a12236c060 DEOPT PACKING pc=0x000002a172cdaa94 sp=0x000000ce46afd180
Event: 71.537 Thread 0x000002a12236c060 DEOPT UNPACKING pc=0x000002a1725e23a3 sp=0x000000ce46afd0f8 mode 2
Event: 71.542 Thread 0x000002a12236c060 Uncommon trap: trap_request=0xffffffde fr.pc=0x000002a172de901c relative=0x0000000000003a5c
Event: 71.542 Thread 0x000002a12236c060 Uncommon trap: reason=class_check action=maybe_recompile pc=0x000002a172de901c method=java.io.ObjectOutputStream.writeObject0(Ljava/lang/Object;Z)V @ 240 c2
Event: 71.542 Thread 0x000002a12236c060 DEOPT PACKING pc=0x000002a172de901c sp=0x000000ce46afd3a0
Event: 71.542 Thread 0x000002a12236c060 DEOPT UNPACKING pc=0x000002a1725e23a3 sp=0x000000ce46afd378 mode 2
Event: 71.543 Thread 0x000002a12236c060 Uncommon trap: trap_request=0xffffffde fr.pc=0x000002a172de901c relative=0x0000000000003a5c
Event: 71.543 Thread 0x000002a12236c060 Uncommon trap: reason=class_check action=maybe_recompile pc=0x000002a172de901c method=java.io.ObjectOutputStream.writeObject0(Ljava/lang/Object;Z)V @ 240 c2
Event: 71.543 Thread 0x000002a12236c060 DEOPT PACKING pc=0x000002a172de901c sp=0x000000ce46afd230
Event: 71.543 Thread 0x000002a12236c060 DEOPT UNPACKING pc=0x000002a1725e23a3 sp=0x000000ce46afd220 mode 2
Event: 71.545 Thread 0x000002a12236c060 Uncommon trap: trap_request=0xffffffde fr.pc=0x000002a172de901c relative=0x0000000000003a5c
Event: 71.545 Thread 0x000002a12236c060 Uncommon trap: reason=class_check action=maybe_recompile pc=0x000002a172de901c method=java.io.ObjectOutputStream.writeObject0(Ljava/lang/Object;Z)V @ 240 c2
Event: 71.545 Thread 0x000002a12236c060 DEOPT PACKING pc=0x000002a172de901c sp=0x000000ce46afcf10
Event: 71.545 Thread 0x000002a12236c060 DEOPT UNPACKING pc=0x000002a1725e23a3 sp=0x000000ce46afcee8 mode 2

Classes unloaded (0 events):
No events

Classes redefined (0 events):
No events

Internal exceptions (20 events):
Event: 71.586 Thread 0x000002a12236c060 Exception <a 'java/lang/NoSuchMethodError'{0x00000000863286a0}: static Lorg/jetbrains/kotlin/daemon/common/CompileService$CallResult;.<clinit>()V> (0x00000000863286a0) 
thrown [s\open\src\hotspot\share\prims\jni.cpp, line 1107]
Event: 71.587 Thread 0x000002a12236c060 Exception <a 'java/lang/NoSuchMethodError'{0x0000000086334728}: static Lorg/jetbrains/kotlin/daemon/common/CompileService$CallResult$Good;.<clinit>()V> (0x0000000086334728) 
thrown [s\open\src\hotspot\share\prims\jni.cpp, line 1107]
Event: 71.589 Thread 0x000002a12236c060 Exception <a 'java/lang/NoSuchMethodError'{0x0000000086341ec8}: static Lorg/jetbrains/kotlin/daemon/common/DaemonJVMOptions;.<clinit>()V> (0x0000000086341ec8) 
thrown [s\open\src\hotspot\share\prims\jni.cpp, line 1107]
Event: 71.597 Thread 0x000002a12236c060 Exception <a 'java/lang/NoSuchMethodError'{0x000000008635d6e8}: static Lorg/jetbrains/kotlin/daemon/common/CompileService$CallResult$Ok;.<clinit>()V> (0x000000008635d6e8) 
thrown [s\open\src\hotspot\share\prims\jni.cpp, line 1107]
Event: 71.654 Thread 0x000002a12236c060 Exception <a 'java/lang/NoSuchMethodError'{0x0000000086297fb8}: static [Ljava/lang/Integer;.<clinit>()V> (0x0000000086297fb8) 
thrown [s\open\src\hotspot\share\prims\jni.cpp, line 1107]
Event: 72.885 Thread 0x000002a17fe857f0 Exception <a 'sun/net/ConnectionResetException'{0x000000008616dfb0}: Connection reset> (0x000000008616dfb0) 
thrown [s\open\src\hotspot\share\prims\jni.cpp, line 535]
Event: 72.888 Thread 0x000002a12236c060 Exception <a 'sun/net/ConnectionResetException'{0x000000008613d860}: Connection reset> (0x000000008613d860) 
thrown [s\open\src\hotspot\share\prims\jni.cpp, line 535]
Event: 72.892 Thread 0x000002a12236c060 Exception <a 'java/net/ConnectException'{0x000000008617e288}: Connection refused: connect> (0x000000008617e288) 
thrown [s\open\src\hotspot\share\prims\jni.cpp, line 535]
Event: 72.892 Thread 0x000002a12236c060 Exception <a 'java/net/SocketException'{0x000000008617e868}: Socket is not connected: shutdown> (0x000000008617e868) 
thrown [s\open\src\hotspot\share\prims\jni.cpp, line 535]
Event: 72.904 Thread 0x000002a12236c060 Exception <a 'java/net/ConnectException'{0x000000008617fe38}: Connection refused: connect> (0x000000008617fe38) 
thrown [s\open\src\hotspot\share\prims\jni.cpp, line 535]
Event: 72.904 Thread 0x000002a12236c060 Exception <a 'java/net/SocketException'{0x0000000086180418}: Socket is not connected: shutdown> (0x0000000086180418) 
thrown [s\open\src\hotspot\share\prims\jni.cpp, line 535]
Event: 72.915 Thread 0x000002a12236c060 Exception <a 'java/net/ConnectException'{0x0000000086180ef0}: Connection refused: connect> (0x0000000086180ef0) 
thrown [s\open\src\hotspot\share\prims\jni.cpp, line 535]
Event: 72.916 Thread 0x000002a12236c060 Exception <a 'java/net/SocketException'{0x00000000861814d0}: Socket is not connected: shutdown> (0x00000000861814d0) 
thrown [s\open\src\hotspot\share\prims\jni.cpp, line 535]
Event: 72.918 Thread 0x000002a12236c060 Exception <a 'java/net/ConnectException'{0x0000000086183098}: Connection refused: connect> (0x0000000086183098) 
thrown [s\open\src\hotspot\share\prims\jni.cpp, line 535]
Event: 72.918 Thread 0x000002a12236c060 Exception <a 'java/net/SocketException'{0x0000000086183678}: Socket is not connected: shutdown> (0x0000000086183678) 
thrown [s\open\src\hotspot\share\prims\jni.cpp, line 535]
Event: 72.929 Thread 0x000002a12236c060 Exception <a 'java/net/ConnectException'{0x0000000086184150}: Connection refused: connect> (0x0000000086184150) 
thrown [s\open\src\hotspot\share\prims\jni.cpp, line 535]
Event: 72.930 Thread 0x000002a12236c060 Exception <a 'java/net/SocketException'{0x0000000086184730}: Socket is not connected: shutdown> (0x0000000086184730) 
thrown [s\open\src\hotspot\share\prims\jni.cpp, line 535]
Event: 72.941 Thread 0x000002a12236c060 Exception <a 'java/net/ConnectException'{0x0000000086185448}: Connection refused: connect> (0x0000000086185448) 
thrown [s\open\src\hotspot\share\prims\jni.cpp, line 535]
Event: 72.941 Thread 0x000002a12236c060 Exception <a 'java/net/SocketException'{0x0000000086185a28}: Socket is not connected: shutdown> (0x0000000086185a28) 
thrown [s\open\src\hotspot\share\prims\jni.cpp, line 535]
Event: 72.956 Thread 0x000002a121045820 Exception <a 'java/lang/NoSuchMethodError'{0x000000008602b1f0}: static [Ljava/lang/StackTraceElement;.<clinit>()V> (0x000000008602b1f0) 
thrown [s\open\src\hotspot\share\prims\jni.cpp, line 1107]

VM Operations (20 events):
Event: 66.283 Executing VM operation: ICBufferFull
Event: 66.283 Executing VM operation: ICBufferFull done
Event: 66.719 Executing VM operation: ICBufferFull
Event: 66.720 Executing VM operation: ICBufferFull done
Event: 67.122 Executing VM operation: ICBufferFull
Event: 67.122 Executing VM operation: ICBufferFull done
Event: 68.135 Executing VM operation: Cleanup
Event: 68.136 Executing VM operation: Cleanup done
Event: 69.147 Executing VM operation: Cleanup
Event: 69.147 Executing VM operation: Cleanup done
Event: 71.168 Executing VM operation: Cleanup
Event: 71.168 Executing VM operation: Cleanup done
Event: 71.447 Executing VM operation: HandshakeAllThreads
Event: 71.448 Executing VM operation: HandshakeAllThreads done
Event: 71.571 Executing VM operation: HandshakeAllThreads
Event: 71.571 Executing VM operation: HandshakeAllThreads done
Event: 72.571 Executing VM operation: Cleanup
Event: 72.571 Executing VM operation: Cleanup done
Event: 73.572 Executing VM operation: Cleanup
Event: 73.572 Executing VM operation: Cleanup done

Events (20 events):
Event: 71.661 loading class sun/rmi/transport/DGCAckHandler
Event: 71.662 loading class sun/rmi/transport/DGCAckHandler done
Event: 71.667 loading class sun/rmi/transport/DGCAckHandler$1
Event: 71.667 loading class sun/rmi/transport/DGCAckHandler$1 done
Event: 71.713 loading class sun/rmi/transport/tcp/TCPTransport$ConnectionHandler
Event: 71.714 loading class sun/rmi/transport/tcp/TCPTransport$ConnectionHandler done
Event: 71.714 Thread 0x000002a17fe857f0 Thread added: 0x000002a17fe857f0
Event: 71.723 loading class sun/rmi/transport/Transport$1
Event: 71.723 loading class sun/rmi/transport/Transport$1 done
Event: 71.725 loading class sun/rmi/transport/DGCImpl$LeaseInfo
Event: 71.725 loading class sun/rmi/transport/DGCImpl$LeaseInfo done
Event: 71.725 loading class sun/rmi/transport/DGCImpl$1
Event: 71.725 loading class sun/rmi/transport/DGCImpl$1 done
Event: 71.725 loading class sun/rmi/transport/SequenceEntry
Event: 71.725 loading class sun/rmi/transport/SequenceEntry done
Event: 72.884 loading class sun/net/ConnectionResetException
Event: 72.884 loading class sun/net/ConnectionResetException done
Event: 72.892 loading class sun/net/util/SocketExceptions
Event: 72.893 loading class sun/net/util/SocketExceptions done
Event: 72.968 Thread 0x000002a17fe85d00 Thread added: 0x000002a17fe85d00


Dynamic libraries:
0x00007ff65e6f0000 - 0x00007ff65e700000 	C:\Program Files\Java\jdk-17\bin\java.exe
0x00007ffe028c0000 - 0x00007ffe02b28000 	C:\WINDOWS\SYSTEM32\ntdll.dll
0x00007ffe01c80000 - 0x00007ffe01d49000 	C:\WINDOWS\System32\KERNEL32.DLL
0x00007ffdffdf0000 - 0x00007ffe001e2000 	C:\WINDOWS\System32\KERNELBASE.dll
0x00007ffe003e0000 - 0x00007ffe0052b000 	C:\WINDOWS\System32\ucrtbase.dll
0x00007ffdd5a10000 - 0x00007ffdd5a2b000 	C:\Program Files\Java\jdk-17\bin\VCRUNTIME140.dll
0x00007ffdd5860000 - 0x00007ffdd5879000 	C:\Program Files\Java\jdk-17\bin\jli.dll
0x00007ffe00d00000 - 0x00007ffe00db4000 	C:\WINDOWS\System32\ADVAPI32.dll
0x00007ffe01d70000 - 0x00007ffe01e19000 	C:\WINDOWS\System32\msvcrt.dll
0x00007ffe01920000 - 0x00007ffe019c6000 	C:\WINDOWS\System32\sechost.dll
0x00007ffe015b0000 - 0x00007ffe016c8000 	C:\WINDOWS\System32\RPCRT4.dll
0x00007ffe02630000 - 0x00007ffe027f5000 	C:\WINDOWS\System32\USER32.dll
0x00007ffde0b60000 - 0x00007ffde0df3000 	C:\WINDOWS\WinSxS\amd64_microsoft.windows.common-controls_6595b64144ccf1df_6.0.26100.6725_none_3e085828e334708b\COMCTL32.dll
0x00007ffe00530000 - 0x00007ffe00557000 	C:\WINDOWS\System32\win32u.dll
0x00007ffe01c50000 - 0x00007ffe01c7b000 	C:\WINDOWS\System32\GDI32.dll
0x00007ffe00560000 - 0x00007ffe0068d000 	C:\WINDOWS\System32\gdi32full.dll
0x00007ffdf1b60000 - 0x00007ffdf1b6b000 	C:\WINDOWS\SYSTEM32\VERSION.dll
0x00007ffdffa50000 - 0x00007ffdffaf3000 	C:\WINDOWS\System32\msvcp_win.dll
0x00007ffe01c10000 - 0x00007ffe01c3f000 	C:\WINDOWS\System32\IMM32.DLL
0x00007ffdf4fd0000 - 0x00007ffdf4fdc000 	C:\Program Files\Java\jdk-17\bin\vcruntime140_1.dll
0x00007ffd769a0000 - 0x00007ffd76a2e000 	C:\Program Files\Java\jdk-17\bin\msvcp140.dll
0x00007ffd6c610000 - 0x00007ffd6d1ef000 	C:\Program Files\Java\jdk-17\bin\server\jvm.dll
0x00007ffe015a0000 - 0x00007ffe015a8000 	C:\WINDOWS\System32\PSAPI.DLL
0x00007ffdf4b60000 - 0x00007ffdf4b95000 	C:\WINDOWS\SYSTEM32\WINMM.dll
0x00007ffdeafa0000 - 0x00007ffdeafaa000 	C:\WINDOWS\SYSTEM32\WSOCK32.dll
0x00007ffe01870000 - 0x00007ffe018e4000 	C:\WINDOWS\System32\WS2_32.dll
0x00007ffdfe820000 - 0x00007ffdfe83b000 	C:\WINDOWS\SYSTEM32\kernel.appcore.dll
0x00007ffdea250000 - 0x00007ffdea25a000 	C:\Program Files\Java\jdk-17\bin\jimage.dll
0x00007ffdf2920000 - 0x00007ffdf2b62000 	C:\WINDOWS\SYSTEM32\DBGHELP.DLL
0x00007ffe007e0000 - 0x00007ffe00b5b000 	C:\WINDOWS\System32\combase.dll
0x00007ffe016d0000 - 0x00007ffe017a7000 	C:\WINDOWS\System32\OLEAUT32.dll
0x00007ffddeb30000 - 0x00007ffddeb6c000 	C:\WINDOWS\SYSTEM32\dbgcore.DLL
0x00007ffe00340000 - 0x00007ffe003d8000 	C:\WINDOWS\System32\bcryptPrimitives.dll
0x00007ffdf52e0000 - 0x00007ffdf52ee000 	C:\Program Files\Java\jdk-17\bin\instrument.dll
0x00007ffd76d20000 - 0x00007ffd76d45000 	C:\Program Files\Java\jdk-17\bin\java.dll
0x00007ffd76c40000 - 0x00007ffd76d17000 	C:\Program Files\Java\jdk-17\bin\jsvml.dll
0x00007ffe00dc0000 - 0x00007ffe0150c000 	C:\WINDOWS\System32\SHELL32.dll
0x00007ffdffc80000 - 0x00007ffdffdeb000 	C:\WINDOWS\System32\wintypes.dll
0x00007ffdfd6a0000 - 0x00007ffdfdefd000 	C:\WINDOWS\SYSTEM32\windows.storage.dll
0x00007ffe02340000 - 0x00007ffe02432000 	C:\WINDOWS\System32\SHCORE.dll
0x00007ffe02440000 - 0x00007ffe024a2000 	C:\WINDOWS\System32\shlwapi.dll
0x00007ffdff970000 - 0x00007ffdff999000 	C:\WINDOWS\SYSTEM32\profapi.dll
0x00007ffdcda70000 - 0x00007ffdcda88000 	C:\Program Files\Java\jdk-17\bin\zip.dll
0x00007ffdd60c0000 - 0x00007ffdd60d9000 	C:\Program Files\Java\jdk-17\bin\net.dll
0x00007ffdf3ed0000 - 0x00007ffdf3fef000 	C:\WINDOWS\SYSTEM32\WINHTTP.dll
0x00007ffdfed90000 - 0x00007ffdfedfb000 	C:\WINDOWS\system32\mswsock.dll
0x00007ffdcda90000 - 0x00007ffdcdaa6000 	C:\Program Files\Java\jdk-17\bin\nio.dll
0x00007ffdfa970000 - 0x00007ffdfa980000 	C:\Program Files\Java\jdk-17\bin\verify.dll
0x00007ffde2c40000 - 0x00007ffde2c67000 	C:\Users\user.DESKTOP-9V4975E\.gradle\native\1def1411415f61bf3af743bc5b6707747c0891f09f0c88961ee8f79bc544acac\windows-amd64\native-platform.dll
0x00007ffddd2b0000 - 0x00007ffddd328000 	C:\Users\user.DESKTOP-9V4975E\.gradle\native\0.2.7\x86_64-windows-gnu\gradle-fileevents.dll
0x00007ffde2c00000 - 0x00007ffde2c0a000 	C:\Program Files\Java\jdk-17\bin\management.dll
0x00007ffde2560000 - 0x00007ffde256b000 	C:\Program Files\Java\jdk-17\bin\management_ext.dll
0x00007ffdfe220000 - 0x00007ffdfe254000 	C:\WINDOWS\SYSTEM32\IPHLPAPI.DLL
0x00007ffe024c0000 - 0x00007ffe024ca000 	C:\WINDOWS\System32\NSI.dll
0x00007ffdf9a80000 - 0x00007ffdf9a9e000 	C:\WINDOWS\SYSTEM32\dhcpcsvc6.DLL
0x00007ffdf9730000 - 0x00007ffdf9753000 	C:\WINDOWS\SYSTEM32\dhcpcsvc.DLL
0x00007ffdfe260000 - 0x00007ffdfe386000 	C:\WINDOWS\SYSTEM32\DNSAPI.dll
0x00007ffdff040000 - 0x00007ffdff05b000 	C:\WINDOWS\SYSTEM32\CRYPTSP.dll
0x00007ffdfe780000 - 0x00007ffdfe7bb000 	C:\WINDOWS\system32\rsaenh.dll
0x00007ffdfee30000 - 0x00007ffdfee5b000 	C:\WINDOWS\SYSTEM32\USERENV.dll
0x00007ffdff940000 - 0x00007ffdff966000 	C:\WINDOWS\SYSTEM32\bcrypt.dll
0x00007ffdff060000 - 0x00007ffdff06c000 	C:\WINDOWS\SYSTEM32\CRYPTBASE.dll
0x00007ffdd5a00000 - 0x00007ffdd5a0e000 	C:\Program Files\Java\jdk-17\bin\sunmscapi.dll
0x00007ffdffb00000 - 0x00007ffdffc77000 	C:\WINDOWS\System32\CRYPT32.dll
0x00007ffdff260000 - 0x00007ffdff290000 	C:\WINDOWS\SYSTEM32\ncrypt.dll
0x00007ffdff210000 - 0x00007ffdff24f000 	C:\WINDOWS\SYSTEM32\NTASN1.dll
0x00007ffd8cb30000 - 0x00007ffd8cb38000 	C:\WINDOWS\system32\wshunix.dll
0x00007ffdeaa70000 - 0x00007ffdeaa77000 	C:\Program Files\Java\jdk-17\bin\rmi.dll

dbghelp: loaded successfully - version: 4.0.5 - missing functions: none
symbol engine: initialized successfully - sym options: 0x614 - pdb path: .;C:\Program Files\Java\jdk-17\bin;C:\WINDOWS\SYSTEM32;C:\WINDOWS\WinSxS\amd64_microsoft.windows.common-controls_6595b64144ccf1df_6.0.26100.6725_none_3e085828e334708b;C:\Program Files\Java\jdk-17\bin\server;C:\Users\user.DESKTOP-9V4975E\.gradle\native\1def1411415f61bf3af743bc5b6707747c0891f09f0c88961ee8f79bc544acac\windows-amd64;C:\Users\user.DESKTOP-9V4975E\.gradle\native\0.2.7\x86_64-windows-gnu

VM Arguments:
jvm_args: --add-opens=java.base/java.lang=ALL-UNNAMED --add-opens=java.base/java.lang.invoke=ALL-UNNAMED --add-opens=java.base/java.util=ALL-UNNAMED --add-opens=java.prefs/java.util.prefs=ALL-UNNAMED --add-exports=jdk.compiler/com.sun.tools.javac.api=ALL-UNNAMED --add-exports=jdk.compiler/com.sun.tools.javac.util=ALL-UNNAMED --add-opens=java.base/java.util=ALL-UNNAMED --add-opens=java.prefs/java.util.prefs=ALL-UNNAMED --add-opens=java.base/java.nio.charset=ALL-UNNAMED --add-opens=java.base/java.net=ALL-UNNAMED --add-opens=java.base/java.util.concurrent.atomic=ALL-UNNAMED --add-opens=java.xml/javax.xml.namespace=ALL-UNNAMED -XX:MaxMetaspaceSize=512m -Xmx2048m -Dfile.encoding=windows-1252 -Duser.country=IN -Duser.language=en -Duser.variant -javaagent:C:\Users\user.DESKTOP-9V4975E\.gradle\wrapper\dists\gradle-8.14.3-bin\cv11ve7ro1n3o1j4so8xd9n66\gradle-8.14.3\lib\agents\gradle-instrumentation-agent-8.14.3.jar 
java_command: org.gradle.launcher.daemon.bootstrap.GradleDaemon 8.14.3
java_class_path (initial): C:\Users\user.DESKTOP-9V4975E\.gradle\wrapper\dists\gradle-8.14.3-bin\cv11ve7ro1n3o1j4so8xd9n66\gradle-8.14.3\lib\gradle-daemon-main-8.14.3.jar
Launcher Type: SUN_STANDARD

[Global flags]
     intx CICompilerCount                          = 4                                         {product} {ergonomic}
   size_t CompressedClassSpaceSize                 = 436207616                                 {product} {ergonomic}
     uint ConcGCThreads                            = 2                                         {product} {ergonomic}
     uint G1ConcRefinementThreads                  = 8                                         {product} {ergonomic}
   size_t G1HeapRegionSize                         = 1048576                                   {product} {ergonomic}
    uintx GCDrainStackTargetSize                   = 64                                        {product} {ergonomic}
   size_t InitialHeapSize                          = 257949696                                 {product} {ergonomic}
   size_t MarkStackSize                            = 4194304                                   {product} {ergonomic}
   size_t MaxHeapSize                              = 2147483648                                {product} {command line}
   size_t MaxMetaspaceSize                         = 536870912                                 {product} {command line}
   size_t MaxNewSize                               = 1287651328                                {product} {ergonomic}
   size_t MinHeapDeltaBytes                        = 1048576                                   {product} {ergonomic}
   size_t MinHeapSize                              = 8388608                                   {product} {ergonomic}
    uintx NonNMethodCodeHeapSize                   = 5839372                                {pd product} {ergonomic}
    uintx NonProfiledCodeHeapSize                  = 122909434                              {pd product} {ergonomic}
    uintx ProfiledCodeHeapSize                     = 122909434                              {pd product} {ergonomic}
    uintx ReservedCodeCacheSize                    = 251658240                              {pd product} {ergonomic}
     bool SegmentedCodeCache                       = true                                      {product} {ergonomic}
   size_t SoftMaxHeapSize                          = 2147483648                             {manageable} {ergonomic}
     bool UseCompressedClassPointers               = true                           {product lp64_product} {ergonomic}
     bool UseCompressedOops                        = true                           {product lp64_product} {ergonomic}
     bool UseG1GC                                  = true                                      {product} {ergonomic}
     bool UseLargePagesIndividualAllocation        = false                                  {pd product} {ergonomic}

Logging:
Log output configuration:
 #0: stdout all=warning uptime,level,tags
 #1: stderr all=off uptime,level,tags

Environment Variables:
PATH=C:\xampp\htdocs\best\frontend\node_modules\.bin;C:\xampp\htdocs\best\frontend\node_modules\.bin;C:\xampp\htdocs\best\node_modules\.bin;C:\xampp\htdocs\node_modules\.bin;C:\xampp\node_modules\.bin;C:\node_modules\.bin;C:\Program Files\nodejs\node_modules\npm\node_modules\@npmcli\run-script\lib\node-gyp-bin;C:\Flutter\flutter\bin\cache\dart-sdk\bin\;C:\Program Files\Common Files\Oracle\Java\javapath;C:\Program Files\ImageMagick-7.1.1-Q16-HDRI;C:\WINDOWS\system32;C:\WINDOWS;C:\WINDOWS\System32\Wbem;C:\WINDOWS\System32\WindowsPowerShell\v1.0\;C:\WINDOWS\System32\OpenSSH\;C:\ProgramData\chocolatey\bin;C:\Program Files\Git\cmd;C:\Program Files\Java\jdk-17;C:\Program Files\nodejs\;C:\Users\user.DESKTOP-9V4975E\AppData\Local\Android\Sdk;C:\Users\user.DESKTOP-9V4975E\AppData\Local\Android\Sdk\platform-tools;%ANDROID_HOME%\emulator;%ANDROID_HOME%\tools;%ANDROID_HOME%\tools\bin;%ANDROID_HOME%\platform-tools;C:\Program Files\Go\bin;C:\Program Files\Memurai\;C:\Program Files\MySQL\MySQL Server 8.0\bin;C:\Users\user.DESKTOP-9V4975E\.local\bin;C:\Program Files\cursor\resources\app\bin;C:\Users\user.DESKTOP-9V4975E\AppData\Local\Programs\Python\Python311\;C:\Users\user.DESKTOP-9V4975E\AppData\Local\Programs\Python\Python311\Scripts\;C:\Program Files\Docker\Docker\resources\bin;C:\Program Files\MongoDB\Server\8.2\bin;C:\mongosh-2.5.8-win32-x64\bin;C:\Users\user.DESKTOP-9V4975E\AppData\Local\Android\Sdk\emulator;C:\Users\user.DESKTOP-9V4975E\AppData\Local\Android\Sdk\platform-tools;C:\Users\user.DESKTOP-9V4975E\spring-3.5.6\bin;C:\Users\user.DESKTOP-9V4975E\.local\bin;C:\Users\user.DESKTOP-9V4975E\AppData\Local\Microsoft\WindowsApps;C:\Users\user.DESKTOP-9V4975E\AppData\Local\Programs\Microsoft VS Code\bin;C:\ProgramData\user\GitHubDesktop\bin;C:\Users\user.DESKTOP-9V4975E\AppData\Local\GitHubDesktop\bin;C:\Flutter\flutter\bin;C:\Program Files\Java\jdk-17;C:\Users\user.DESKTOP-9V4975E\AppData\Roaming\npm;C:\Program Files\Java\jdk-17\bin;C:\Users\user.DESKTOP-9V4975E\go\bin;C:\Users
USERNAME=user
LANG=en_US.UTF-8
OS=Windows_NT
PROCESSOR_IDENTIFIER=AMD64 Family 23 Model 160 Stepping 0, AuthenticAMD



---------------  S Y S T E M  ---------------

OS:
 Windows 11 , 64 bit Build 26100 (10.0.26100.6725)
OS uptime: 1 days 5:33 hours
Hyper-V role detected

CPU: total 8 (initial active 8) (8 cores per cpu, 2 threads per core) family 23 model 160 stepping 0 microcode 0x8a0000b, cx8, cmov, fxsr, ht, mmx, 3dnowpref, sse, sse2, sse3, ssse3, sse4a, sse4.1, sse4.2, popcnt, lzcnt, tsc, tscinvbit, avx, avx2, aes, clmul, bmi1, bmi2, adx, sha, fma, vzeroupper, clflush, clflushopt, hv

Memory: 4k page, system-wide physical 15631M (1411M free)
TotalPageFile size 62735M (AvailPageFile size 0M)
current process WorkingSet (physical memory assigned to process): 365M, peak: 372M
current process commit charge ("private bytes"): 405M, peak: 419M

vm_info: Java HotSpot(TM) 64-Bit Server VM (17.0.10+11-LTS-240) for windows-amd64 JRE (17.0.10+11-LTS-240), built on Dec 19 2023 21:47:25 by "mach5one" with MS VC++ 17.1 (VS2022)

END.
